TN:
SF:src\client.ts
FN:10,<instance_members_initializer>
FN:13,EchoAI
FN:39,createChatAgent
FN:43,createToolAgent
FNF:4
FNH:4
FNDA:2,<instance_members_initializer>
FNDA:2,EchoAI
FNDA:1,createChatAgent
FNDA:1,createToolAgent
DA:1,1
DA:2,1
DA:3,1
DA:4,1
DA:5,1
DA:6,1
DA:7,1
DA:8,1
DA:9,1
DA:10,1
DA:11,2
DA:12,2
DA:13,2
DA:14,2
DA:15,2
DA:16,2
DA:17,0
DA:18,0
DA:19,2
DA:20,2
DA:21,2
DA:22,2
DA:23,1
DA:24,1
DA:25,2
DA:26,0
DA:27,0
DA:28,2
DA:29,2
DA:30,2
DA:31,1
DA:32,1
DA:33,1
DA:34,1
DA:35,1
DA:36,1
DA:37,2
DA:38,2
DA:39,2
DA:40,1
DA:41,1
DA:42,2
DA:43,2
DA:44,1
DA:45,0
DA:46,0
DA:47,1
DA:48,1
DA:49,2
LF:49
LH:43
BRDA:10,0,0,2
BRDA:13,1,0,2
BRDA:16,2,0,0
BRDA:16,3,0,0
BRDA:16,4,0,0
BRDA:22,5,0,1
BRDA:25,6,0,0
BRDA:30,7,0,1
BRDA:39,8,0,1
BRDA:43,9,0,1
BRDA:44,10,0,0
BRF:11
BRH:6
end_of_record
TN:
SF:src\index.ts
FNF:0
FNH:0
DA:1,1
DA:2,1
DA:3,1
DA:4,1
DA:5,1
DA:6,1
DA:7,1
DA:8,1
DA:9,1
DA:10,1
DA:11,1
DA:12,1
DA:13,1
DA:14,1
DA:15,1
DA:16,1
DA:17,1
DA:18,1
DA:19,1
DA:20,1
DA:21,1
DA:22,1
DA:23,1
DA:24,1
DA:25,1
DA:26,1
DA:27,1
DA:28,1
DA:29,1
DA:30,1
DA:31,1
DA:32,1
LF:32
LH:32
BRF:0
BRH:0
end_of_record
TN:
SF:src\agents\executor.ts
FN:11,<instance_members_initializer>
FN:18,AgentExecutor
FN:35,getMemory
FN:39,execute
FN:70,__vite_ssr_import_1__.withRetries.maxRetries
FN:136,executeStream
FN:239,executeStructured
FNF:7
FNH:5
FNDA:9,<instance_members_initializer>
FNDA:9,AgentExecutor
FNDA:4,getMemory
FNDA:4,execute
FNDA:4,__vite_ssr_import_1__.withRetries.maxRetries
FNDA:0,executeStream
FNDA:0,executeStructured
DA:1,1
DA:2,1
DA:3,1
DA:4,1
DA:5,1
DA:6,1
DA:7,1
DA:8,1
DA:9,1
DA:10,1
DA:11,1
DA:12,9
DA:13,9
DA:14,9
DA:15,9
DA:16,9
DA:17,9
DA:18,9
DA:19,9
DA:20,9
DA:21,9
DA:22,9
DA:23,9
DA:24,9
DA:25,9
DA:26,9
DA:27,9
DA:28,9
DA:29,9
DA:30,9
DA:31,9
DA:32,9
DA:33,9
DA:34,9
DA:35,9
DA:36,4
DA:37,4
DA:38,9
DA:39,9
DA:40,4
DA:41,4
DA:42,4
DA:43,4
DA:44,4
DA:45,4
DA:46,4
DA:47,4
DA:48,4
DA:49,4
DA:50,4
DA:51,4
DA:52,4
DA:53,4
DA:54,4
DA:55,4
DA:56,4
DA:57,4
DA:58,4
DA:59,4
DA:60,4
DA:61,4
DA:62,4
DA:63,4
DA:64,4
DA:65,4
DA:66,4
DA:67,4
DA:68,4
DA:69,4
DA:70,4
DA:71,4
DA:72,4
DA:73,4
DA:74,0
DA:75,0
DA:76,4
DA:77,4
DA:78,4
DA:79,1
DA:80,1
DA:81,4
DA:82,4
DA:83,4
DA:84,4
DA:85,4
DA:86,4
DA:87,4
DA:88,4
DA:89,4
DA:90,4
DA:91,4
DA:92,4
DA:93,4
DA:94,0
DA:95,0
DA:96,0
DA:97,0
DA:98,0
DA:99,0
DA:100,0
DA:101,0
DA:102,0
DA:103,0
DA:104,0
DA:105,0
DA:106,0
DA:107,0
DA:108,0
DA:109,0
DA:110,0
DA:111,0
DA:112,0
DA:113,0
DA:114,0
DA:115,0
DA:116,0
DA:117,0
DA:118,0
DA:119,0
DA:120,0
DA:121,0
DA:122,0
DA:123,0
DA:124,0
DA:125,0
DA:126,0
DA:127,0
DA:128,0
DA:129,4
DA:130,4
DA:131,4
DA:132,9
DA:133,9
DA:134,9
DA:135,9
DA:136,9
DA:137,0
DA:138,0
DA:139,0
DA:140,0
DA:141,0
DA:142,0
DA:143,0
DA:144,0
DA:145,0
DA:146,0
DA:147,0
DA:148,0
DA:149,0
DA:150,0
DA:151,0
DA:152,0
DA:153,0
DA:154,0
DA:155,0
DA:156,0
DA:157,0
DA:158,0
DA:159,0
DA:160,0
DA:161,0
DA:162,0
DA:163,0
DA:164,0
DA:165,0
DA:166,0
DA:167,0
DA:168,0
DA:169,0
DA:170,0
DA:171,0
DA:172,0
DA:173,0
DA:174,0
DA:175,0
DA:176,0
DA:177,0
DA:178,0
DA:179,0
DA:180,0
DA:181,0
DA:182,0
DA:183,0
DA:184,0
DA:185,0
DA:186,0
DA:187,0
DA:188,0
DA:189,0
DA:190,0
DA:191,0
DA:192,0
DA:193,0
DA:194,0
DA:195,0
DA:196,0
DA:197,0
DA:198,0
DA:199,0
DA:200,0
DA:201,0
DA:202,0
DA:203,0
DA:204,0
DA:205,0
DA:206,0
DA:207,0
DA:208,0
DA:209,0
DA:210,0
DA:211,0
DA:212,0
DA:213,0
DA:214,0
DA:215,0
DA:216,0
DA:217,0
DA:218,0
DA:219,0
DA:220,0
DA:221,0
DA:222,0
DA:223,0
DA:224,0
DA:225,0
DA:226,0
DA:227,0
DA:228,0
DA:229,0
DA:230,0
DA:231,0
DA:232,0
DA:233,0
DA:234,9
DA:235,9
DA:236,9
DA:237,9
DA:238,9
DA:239,9
DA:240,0
DA:241,0
DA:242,0
DA:243,0
DA:244,0
DA:245,0
DA:246,0
DA:247,0
DA:248,0
DA:249,0
DA:250,0
DA:251,0
DA:252,0
DA:253,0
DA:254,0
DA:255,0
DA:256,0
DA:257,0
DA:258,0
DA:259,0
DA:260,0
DA:261,0
DA:262,9
LF:262
LH:106
BRDA:11,0,0,9
BRDA:18,1,0,9
BRDA:25,2,0,0
BRDA:26,3,0,0
BRDA:30,4,0,1
BRDA:30,5,0,1
BRDA:35,6,0,4
BRDA:39,7,0,4
BRDA:40,8,0,0
BRDA:41,9,0,0
BRDA:42,10,0,0
BRDA:44,11,0,0
BRDA:58,12,0,0
BRDA:63,13,0,0
BRDA:78,14,0,1
BRDA:79,15,0,0
BRDA:84,16,0,0
BRDA:88,17,0,0
BRDA:89,18,0,0
BRDA:90,19,0,0
BRDA:93,20,0,0
BRDA:70,21,0,4
BRF:22
BRH:8
end_of_record
TN:
SF:src\agents\index.ts
FNF:0
FNH:0
DA:1,1
DA:2,1
DA:3,1
LF:3
LH:3
BRF:0
BRH:0
end_of_record
TN:
SF:src\agents\orchestration.ts
FN:8,<instance_members_initializer>
FN:35,<instance_members_initializer>
FNF:2
FNH:0
FNDA:0,<instance_members_initializer>
FNDA:0,<instance_members_initializer>
DA:1,1
DA:2,1
DA:3,1
DA:4,1
DA:5,1
DA:6,1
DA:7,1
DA:8,1
DA:9,0
DA:10,0
DA:11,0
DA:12,0
DA:13,0
DA:14,0
DA:15,0
DA:16,0
DA:17,0
DA:18,0
DA:19,0
DA:20,0
DA:21,0
DA:22,0
DA:23,0
DA:24,0
DA:25,0
DA:26,0
DA:27,0
DA:28,0
DA:29,0
DA:30,1
DA:31,1
DA:32,1
DA:33,1
DA:34,1
DA:35,1
DA:36,0
DA:37,0
DA:38,0
DA:39,0
DA:40,0
DA:41,0
DA:42,0
DA:43,0
DA:44,0
DA:45,0
DA:46,0
DA:47,0
DA:48,0
DA:49,0
DA:50,0
DA:51,0
DA:52,0
DA:53,0
DA:54,0
DA:55,0
DA:56,0
DA:57,0
DA:58,0
DA:59,0
DA:60,0
DA:61,0
DA:62,0
DA:63,0
DA:64,0
LF:64
LH:14
BRDA:8,0,0,0
BRDA:35,1,0,0
BRF:2
BRH:0
end_of_record
TN:
SF:src\agents\prebuilt.ts
FN:6,<instance_members_initializer>
FN:9,ChatAgent
FN:16,chat
FN:21,<instance_members_initializer>
FN:24,ToolAgent
FN:32,run
FNF:6
FNH:4
FNDA:1,<instance_members_initializer>
FNDA:1,ChatAgent
FNDA:0,chat
FNDA:1,<instance_members_initializer>
FNDA:1,ToolAgent
FNDA:0,run
DA:1,1
DA:2,1
DA:3,1
DA:4,1
DA:5,1
DA:6,1
DA:7,1
DA:8,1
DA:9,1
DA:10,1
DA:11,1
DA:12,1
DA:13,1
DA:14,1
DA:15,1
DA:16,1
DA:17,0
DA:18,0
DA:19,1
DA:20,1
DA:21,1
DA:22,1
DA:23,1
DA:24,1
DA:25,1
DA:26,1
DA:27,1
DA:28,1
DA:29,1
DA:30,1
DA:31,1
DA:32,1
DA:33,0
DA:34,0
DA:35,1
LF:35
LH:31
BRDA:6,0,0,1
BRDA:9,1,0,1
BRDA:21,2,0,1
BRDA:24,3,0,1
BRF:4
BRH:4
end_of_record
TN:
SF:src\analytics\experiment.ts
FN:14,<instance_members_initializer>
FN:17,ExperimentManager
FN:23,registerExperiment
FN:31,assignVariant
FN:58,getVariantConfig
FNF:5
FNH:4
FNDA:1,<instance_members_initializer>
FNDA:1,ExperimentManager
FNDA:1,registerExperiment
FNDA:2,assignVariant
FNDA:0,getVariantConfig
DA:1,1
DA:2,1
DA:3,1
DA:4,1
DA:5,1
DA:6,1
DA:7,1
DA:8,1
DA:9,1
DA:10,1
DA:11,1
DA:12,1
DA:13,1
DA:14,1
DA:15,1
DA:16,1
DA:17,1
DA:18,1
DA:19,1
DA:20,1
DA:21,1
DA:22,1
DA:23,1
DA:24,1
DA:25,1
DA:26,1
DA:27,1
DA:28,1
DA:29,1
DA:30,1
DA:31,1
DA:32,2
DA:33,2
DA:34,2
DA:35,2
DA:36,2
DA:37,2
DA:38,2
DA:39,2
DA:40,2
DA:41,2
DA:42,2
DA:43,2
DA:44,2
DA:45,2
DA:46,2
DA:47,2
DA:48,2
DA:49,2
DA:50,2
DA:51,2
DA:52,0
DA:53,0
DA:54,0
DA:55,2
DA:56,1
DA:57,1
DA:58,1
DA:59,0
DA:60,0
DA:61,0
DA:62,0
DA:63,0
DA:64,1
LF:64
LH:56
BRDA:14,0,0,1
BRDA:17,1,0,1
BRDA:19,2,0,1
BRDA:23,3,0,1
BRDA:31,4,0,2
BRDA:33,5,0,0
BRDA:35,6,0,0
BRDA:51,7,0,0
BRDA:38,8,0,4
BRF:9
BRH:6
end_of_record
TN:
SF:src\analytics\handoff.ts
FN:33,<instance_members_initializer>
FN:45,HandoffManager
FN:67,isNegative
FN:77,shouldEscalate
FN:104,escalate
FN:140,dispatchWebhook
FNF:6
FNH:4
FNDA:2,<instance_members_initializer>
FNDA:2,HandoffManager
FNDA:2,isNegative
FNDA:3,shouldEscalate
FNDA:0,escalate
FNDA:0,dispatchWebhook
DA:1,1
DA:2,1
DA:3,1
DA:4,1
DA:5,1
DA:6,1
DA:7,1
DA:8,1
DA:9,1
DA:10,1
DA:11,1
DA:12,1
DA:13,1
DA:14,1
DA:15,1
DA:16,1
DA:17,1
DA:18,1
DA:19,1
DA:20,1
DA:21,1
DA:22,1
DA:23,1
DA:24,1
DA:25,1
DA:26,1
DA:27,1
DA:28,1
DA:29,1
DA:30,1
DA:31,1
DA:32,1
DA:33,1
DA:34,2
DA:35,2
DA:36,2
DA:37,2
DA:38,2
DA:39,2
DA:40,2
DA:41,2
DA:42,2
DA:43,2
DA:44,2
DA:45,2
DA:46,2
DA:47,2
DA:48,2
DA:49,2
DA:50,2
DA:51,2
DA:52,2
DA:53,2
DA:54,2
DA:55,1
DA:56,1
DA:57,1
DA:58,2
DA:59,2
DA:60,2
DA:61,2
DA:62,2
DA:63,2
DA:64,2
DA:65,2
DA:66,2
DA:67,2
DA:68,2
DA:69,2
DA:70,2
DA:71,2
DA:72,2
DA:73,2
DA:74,2
DA:75,2
DA:76,2
DA:77,2
DA:78,3
DA:79,3
DA:80,3
DA:81,3
DA:82,1
DA:83,1
DA:84,2
DA:85,2
DA:86,2
DA:87,2
DA:88,2
DA:89,2
DA:90,1
DA:91,1
DA:92,0
DA:93,0
DA:94,3
DA:95,3
DA:96,3
DA:97,0
DA:98,0
DA:99,0
DA:100,0
DA:101,3
DA:102,2
DA:103,2
DA:104,2
DA:105,0
DA:106,0
DA:107,0
DA:108,0
DA:109,0
DA:110,0
DA:111,0
DA:112,0
DA:113,0
DA:114,0
DA:115,0
DA:116,0
DA:117,0
DA:118,0
DA:119,0
DA:120,0
DA:121,0
DA:122,0
DA:123,0
DA:124,0
DA:125,0
DA:126,0
DA:127,0
DA:128,0
DA:129,0
DA:130,0
DA:131,0
DA:132,0
DA:133,0
DA:134,0
DA:135,0
DA:136,0
DA:137,0
DA:138,0
DA:139,2
DA:140,2
DA:141,0
DA:142,0
DA:143,0
DA:144,0
DA:145,0
DA:146,0
DA:147,0
DA:148,0
DA:149,0
DA:150,0
DA:151,0
DA:152,0
DA:153,0
DA:154,0
DA:155,0
DA:156,2
LF:156
LH:101
BRDA:33,0,0,2
BRDA:45,1,0,2
BRDA:49,2,0,1
BRDA:54,3,0,1
BRDA:67,4,0,2
BRDA:70,5,0,0
BRDA:73,6,0,0
BRDA:73,7,0,0
BRDA:69,8,0,2
BRDA:77,9,0,3
BRDA:81,10,0,1
BRDA:83,11,0,2
BRDA:87,12,0,1
BRDA:89,13,0,1
BRDA:91,14,0,0
BRDA:96,15,0,0
BRDA:81,16,0,23
BRF:17
BRH:12
end_of_record
TN:
SF:src\analytics\index.ts
FNF:0
FNH:0
DA:1,1
DA:2,1
LF:2
LH:2
BRF:0
BRH:0
end_of_record
TN:
SF:src\analytics\outcome.ts
FN:13,<instance_members_initializer>
FN:17,record
FN:24,getSessionOutcomes
FN:29,getSessionValue
FN:34,getGlobalStats
FN:51,clear
FNF:6
FNH:3
FNDA:7,<instance_members_initializer>
FNDA:2,record
FNDA:0,getSessionOutcomes
FNDA:0,getSessionValue
FNDA:2,getGlobalStats
FNDA:0,clear
DA:1,1
DA:2,1
DA:3,1
DA:4,1
DA:5,1
DA:6,1
DA:7,1
DA:8,1
DA:9,1
DA:10,1
DA:11,1
DA:12,1
DA:13,1
DA:14,7
DA:15,7
DA:16,7
DA:17,7
DA:18,2
DA:19,2
DA:20,2
DA:21,2
DA:22,7
DA:23,7
DA:24,7
DA:25,0
DA:26,0
DA:27,7
DA:28,7
DA:29,7
DA:30,0
DA:31,0
DA:32,7
DA:33,7
DA:34,7
DA:35,2
DA:36,2
DA:37,2
DA:38,2
DA:39,2
DA:40,2
DA:41,2
DA:42,2
DA:43,2
DA:44,2
DA:45,2
DA:46,2
DA:47,2
DA:48,2
DA:49,7
DA:50,7
DA:51,7
DA:52,0
DA:53,0
DA:54,7
LF:54
LH:48
BRDA:13,0,0,7
BRDA:17,1,0,2
BRDA:18,2,0,1
BRDA:34,3,0,2
BRDA:36,4,0,2
BRF:5
BRH:5
end_of_record
TN:
SF:src\analytics\redact.ts
FN:32,<instance_members_initializer>
FN:35,PIIRedactor
FN:40,redact
FN:51,addRule
FNF:4
FNH:3
FNDA:2,<instance_members_initializer>
FNDA:2,PIIRedactor
FNDA:2,redact
FNDA:0,addRule
DA:1,1
DA:2,1
DA:3,1
DA:4,1
DA:5,1
DA:6,1
DA:7,1
DA:8,1
DA:9,1
DA:10,1
DA:11,1
DA:12,1
DA:13,1
DA:14,1
DA:15,1
DA:16,1
DA:17,1
DA:18,1
DA:19,1
DA:20,1
DA:21,1
DA:22,1
DA:23,1
DA:24,1
DA:25,1
DA:26,1
DA:27,1
DA:28,1
DA:29,1
DA:30,1
DA:31,1
DA:32,1
DA:33,2
DA:34,2
DA:35,2
DA:36,2
DA:37,2
DA:38,2
DA:39,2
DA:40,2
DA:41,2
DA:42,2
DA:43,2
DA:44,8
DA:45,8
DA:46,8
DA:47,2
DA:48,2
DA:49,2
DA:50,2
DA:51,2
DA:52,0
DA:53,0
DA:54,2
LF:54
LH:52
BRDA:32,0,0,2
BRDA:35,1,0,2
BRDA:40,2,0,2
BRDA:41,3,0,0
BRDA:43,4,0,8
BRF:5
BRH:4
end_of_record
TN:
SF:src\analytics\tracker.ts
FN:53,<instance_members_initializer>
FN:58,ConversationAnalytics
FN:62,estimateTokens
FN:66,calculateCost
FN:72,startConversation
FN:90,recordQuery
FN:104,recordResponse
FN:115,markResolved
FN:120,markHandedOff
FN:125,recordCSAT
FN:130,getSnapshot
FN:212,emptySnapshot
FN:222,exportJSON
FN:230,importJSON
FN:236,reset
FNF:15
FNH:8
FNDA:8,<instance_members_initializer>
FNDA:8,ConversationAnalytics
FNDA:11,estimateTokens
FNDA:11,calculateCost
FNDA:6,startConversation
FNDA:6,recordQuery
FNDA:5,recordResponse
FNDA:0,markResolved
FNDA:0,markHandedOff
FNDA:0,recordCSAT
FNDA:3,getSnapshot
FNDA:0,emptySnapshot
FNDA:0,exportJSON
FNDA:0,importJSON
FNDA:0,reset
DA:1,1
DA:2,1
DA:3,1
DA:4,1
DA:5,1
DA:6,1
DA:7,1
DA:8,1
DA:9,1
DA:10,1
DA:11,1
DA:12,1
DA:13,1
DA:14,1
DA:15,1
DA:16,1
DA:17,1
DA:18,1
DA:19,1
DA:20,1
DA:21,1
DA:22,1
DA:23,1
DA:24,1
DA:25,1
DA:26,1
DA:27,1
DA:28,1
DA:29,1
DA:30,1
DA:31,1
DA:32,1
DA:33,1
DA:34,1
DA:35,1
DA:36,1
DA:37,1
DA:38,1
DA:39,1
DA:40,1
DA:41,1
DA:42,1
DA:43,1
DA:44,1
DA:45,1
DA:46,1
DA:47,1
DA:48,1
DA:49,1
DA:50,1
DA:51,1
DA:52,1
DA:53,1
DA:54,8
DA:55,8
DA:56,8
DA:57,8
DA:58,8
DA:59,8
DA:60,8
DA:61,8
DA:62,8
DA:63,11
DA:64,11
DA:65,8
DA:66,8
DA:67,11
DA:68,11
DA:69,11
DA:70,11
DA:71,8
DA:72,8
DA:73,6
DA:74,6
DA:75,6
DA:76,6
DA:77,6
DA:78,6
DA:79,6
DA:80,6
DA:81,6
DA:82,6
DA:83,6
DA:84,6
DA:85,6
DA:86,6
DA:87,6
DA:88,6
DA:89,8
DA:90,8
DA:91,6
DA:92,6
DA:93,6
DA:94,6
DA:95,6
DA:96,6
DA:97,6
DA:98,6
DA:99,6
DA:100,6
DA:101,6
DA:102,6
DA:103,8
DA:104,8
DA:105,5
DA:106,5
DA:107,5
DA:108,5
DA:109,5
DA:110,5
DA:111,5
DA:112,5
DA:113,5
DA:114,8
DA:115,8
DA:116,0
DA:117,0
DA:118,0
DA:119,8
DA:120,8
DA:121,0
DA:122,0
DA:123,0
DA:124,8
DA:125,8
DA:126,0
DA:127,0
DA:128,0
DA:129,8
DA:130,8
DA:131,3
DA:132,3
DA:133,3
DA:134,3
DA:135,3
DA:136,3
DA:137,3
DA:138,3
DA:139,0
DA:140,3
DA:141,3
DA:142,3
DA:143,3
DA:144,3
DA:145,0
DA:146,3
DA:147,3
DA:148,3
DA:149,3
DA:150,3
DA:151,3
DA:152,2
DA:153,2
DA:154,3
DA:155,3
DA:156,3
DA:157,3
DA:158,3
DA:159,3
DA:160,3
DA:161,3
DA:162,3
DA:163,3
DA:164,3
DA:165,3
DA:166,3
DA:167,3
DA:168,3
DA:169,3
DA:170,3
DA:171,3
DA:172,3
DA:173,3
DA:174,3
DA:175,3
DA:176,3
DA:177,3
DA:178,2
DA:179,2
DA:180,2
DA:181,2
DA:182,2
DA:183,3
DA:184,3
DA:185,3
DA:186,3
DA:187,3
DA:188,3
DA:189,3
DA:190,3
DA:191,3
DA:192,3
DA:193,3
DA:194,3
DA:195,3
DA:196,3
DA:197,3
DA:198,3
DA:199,3
DA:200,3
DA:201,3
DA:202,3
DA:203,3
DA:204,3
DA:205,3
DA:206,3
DA:207,3
DA:208,3
DA:209,3
DA:210,3
DA:211,8
DA:212,8
DA:213,0
DA:214,0
DA:215,0
DA:216,0
DA:217,0
DA:218,0
DA:219,0
DA:220,0
DA:221,8
DA:222,8
DA:223,0
DA:224,0
DA:225,0
DA:226,0
DA:227,0
DA:228,0
DA:229,8
DA:230,8
DA:231,0
DA:232,0
DA:233,0
DA:234,0
DA:235,8
DA:236,8
DA:237,0
DA:238,0
DA:239,0
DA:240,8
LF:240
LH:208
BRDA:53,0,0,8
BRDA:58,1,0,8
BRDA:62,2,0,11
BRDA:66,3,0,11
BRDA:67,4,0,0
BRDA:68,5,0,6
BRDA:68,6,0,5
BRDA:72,7,0,6
BRDA:90,8,0,6
BRDA:96,9,0,0
BRDA:104,10,0,5
BRDA:109,11,0,0
BRDA:130,12,0,3
BRDA:133,13,0,0
BRDA:138,14,0,0
BRDA:144,15,0,0
BRDA:151,16,0,2
BRDA:156,17,0,0
BRDA:177,18,0,2
BRDA:189,19,0,0
BRDA:190,20,0,0
BRDA:204,21,0,0
BRDA:135,22,0,3
BRDA:136,23,0,3
BRDA:137,24,0,3
BRDA:142,25,0,3
BRDA:144,26,0,3
BRDA:147,27,0,3
BRDA:148,28,0,3
BRDA:156,29,0,3
BRDA:162,30,0,3
BRDA:165,31,0,3
BRDA:174,32,0,3
BRDA:178,33,0,2
BRDA:179,34,0,0
BRDA:184,35,0,3
BRF:36
BRH:25
end_of_record
TN:
SF:src\channels\base.ts
FN:14,<instance_members_initializer>
FN:17,ChannelAdapter
FN:31,handleMessage
FNF:3
FNH:3
FNDA:1,<instance_members_initializer>
FNDA:1,ChannelAdapter
FNDA:1,handleMessage
DA:1,1
DA:2,1
DA:3,1
DA:4,1
DA:5,1
DA:6,1
DA:7,1
DA:8,1
DA:9,1
DA:10,1
DA:11,1
DA:12,1
DA:13,1
DA:14,1
DA:15,1
DA:16,1
DA:17,1
DA:18,1
DA:19,1
DA:20,1
DA:21,1
DA:22,1
DA:23,1
DA:24,1
DA:25,1
DA:26,1
DA:27,1
DA:28,1
DA:29,1
DA:30,1
DA:31,1
DA:32,1
DA:33,1
DA:34,1
LF:34
LH:34
BRDA:14,0,0,1
BRDA:17,1,0,1
BRDA:31,2,0,1
BRF:3
BRH:3
end_of_record
TN:
SF:src\channels\slack.ts
FN:14,SlackAdapter
FN:18,start
FN:23,stop
FN:28,handleEvent
FNF:4
FNH:0
FNDA:0,SlackAdapter
FNDA:0,start
FNDA:0,stop
FNDA:0,handleEvent
DA:1,1
DA:2,1
DA:3,1
DA:4,1
DA:5,1
DA:6,1
DA:7,1
DA:8,1
DA:9,1
DA:10,1
DA:11,1
DA:12,1
DA:13,1
DA:14,1
DA:15,0
DA:16,0
DA:17,1
DA:18,1
DA:19,0
DA:20,0
DA:21,0
DA:22,1
DA:23,1
DA:24,0
DA:25,0
DA:26,1
DA:27,1
DA:28,1
DA:29,0
DA:30,0
DA:31,0
DA:32,0
DA:33,0
DA:34,0
DA:35,1
LF:35
LH:22
BRF:0
BRH:0
end_of_record
TN:
SF:src\channels\telegram.ts
FN:12,<instance_members_initializer>
FN:17,TelegramAdapter
FN:22,start
FN:28,stop
FN:32,runPollingLoop
FN:55,sendMessage
FNF:6
FNH:2
FNDA:1,<instance_members_initializer>
FNDA:1,TelegramAdapter
FNDA:0,start
FNDA:0,stop
FNDA:0,runPollingLoop
FNDA:0,sendMessage
DA:1,1
DA:2,1
DA:3,1
DA:4,1
DA:5,1
DA:6,1
DA:7,1
DA:8,1
DA:9,1
DA:10,1
DA:11,1
DA:12,1
DA:13,1
DA:14,1
DA:15,1
DA:16,1
DA:17,1
DA:18,1
DA:19,1
DA:20,1
DA:21,1
DA:22,1
DA:23,0
DA:24,0
DA:25,0
DA:26,0
DA:27,1
DA:28,1
DA:29,0
DA:30,0
DA:31,1
DA:32,1
DA:33,0
DA:34,0
DA:35,0
DA:36,0
DA:37,0
DA:38,0
DA:39,0
DA:40,0
DA:41,0
DA:42,0
DA:43,0
DA:44,0
DA:45,0
DA:46,0
DA:47,0
DA:48,0
DA:49,0
DA:50,0
DA:51,0
DA:52,0
DA:53,0
DA:54,1
DA:55,1
DA:56,0
DA:57,0
DA:58,0
DA:59,0
DA:60,0
DA:61,0
DA:62,1
LF:62
LH:29
BRDA:12,0,0,1
BRDA:17,1,0,1
BRF:2
BRH:2
end_of_record
TN:
SF:src\core\config.ts
FN:2,get openaiApiKey
FN:5,get anthropicApiKey
FN:8,get hasOpenAI
FN:11,get hasAnthropic
FNF:4
FNH:4
FNDA:3,get openaiApiKey
FNDA:2,get anthropicApiKey
FNDA:2,get hasOpenAI
FNDA:2,get hasAnthropic
DA:1,1
DA:2,1
DA:3,3
DA:4,3
DA:5,1
DA:6,2
DA:7,2
DA:8,1
DA:9,2
DA:10,2
DA:11,1
DA:12,2
DA:13,2
DA:14,1
LF:14
LH:14
BRDA:2,0,0,3
BRDA:3,1,0,1
BRDA:5,2,0,2
BRDA:8,3,0,2
BRDA:11,4,0,2
BRF:5
BRH:5
end_of_record
TN:
SF:src\core\exceptions.ts
FN:5,GatewayRoutingError
FN:16,ProviderDependencyError
FN:26,<instance_members_initializer>
FN:40,ConfigurationError
FN:51,ValidationError
FN:61,<instance_members_initializer>
FN:74,<instance_members_initializer>
FNF:7
FNH:2
FNDA:0,GatewayRoutingError
FNDA:0,ProviderDependencyError
FNDA:0,<instance_members_initializer>
FNDA:2,ConfigurationError
FNDA:15,ValidationError
FNDA:0,<instance_members_initializer>
FNDA:0,<instance_members_initializer>
DA:1,1
DA:2,1
DA:3,1
DA:4,1
DA:5,1
DA:6,0
DA:7,0
DA:8,0
DA:9,0
DA:10,1
DA:11,1
DA:12,1
DA:13,1
DA:14,1
DA:15,1
DA:16,1
DA:17,0
DA:18,0
DA:19,0
DA:20,0
DA:21,1
DA:22,1
DA:23,1
DA:24,1
DA:25,1
DA:26,1
DA:27,0
DA:28,0
DA:29,0
DA:30,0
DA:31,0
DA:32,0
DA:33,0
DA:34,0
DA:35,1
DA:36,1
DA:37,1
DA:38,1
DA:39,1
DA:40,1
DA:41,2
DA:42,2
DA:43,2
DA:44,2
DA:45,1
DA:46,1
DA:47,1
DA:48,1
DA:49,1
DA:50,1
DA:51,1
DA:52,15
DA:53,15
DA:54,15
DA:55,15
DA:56,1
DA:57,1
DA:58,1
DA:59,1
DA:60,1
DA:61,1
DA:62,0
DA:63,0
DA:64,0
DA:65,0
DA:66,0
DA:67,0
DA:68,0
DA:69,0
DA:70,1
DA:71,1
DA:72,1
DA:73,1
DA:74,1
DA:75,0
DA:76,0
DA:77,0
DA:78,0
DA:79,0
DA:80,0
DA:81,0
DA:82,0
LF:82
LH:50
BRDA:40,0,0,2
BRDA:51,1,0,15
BRF:2
BRH:2
end_of_record
TN:
SF:src\core\logger.ts
FN:20,SDKLogger
FN:22,log
FN:44,debug
FN:45,info
FN:46,warn
FN:47,error
FNF:6
FNH:3
FNDA:4,SDKLogger
FNDA:8,log
FNDA:0,debug
FNDA:8,info
FNDA:0,warn
FNDA:0,error
DA:1,1
DA:2,1
DA:3,1
DA:4,1
DA:5,1
DA:6,1
DA:7,1
DA:8,1
DA:9,1
DA:10,1
DA:11,1
DA:12,1
DA:13,1
DA:14,1
DA:15,1
DA:16,1
DA:17,1
DA:18,1
DA:19,1
DA:20,1
DA:21,1
DA:22,1
DA:23,8
DA:24,8
DA:25,8
DA:26,8
DA:27,8
DA:28,8
DA:29,8
DA:30,8
DA:31,8
DA:32,8
DA:33,0
DA:34,8
DA:35,0
DA:36,8
DA:37,0
DA:38,8
DA:39,8
DA:40,8
DA:41,8
DA:42,8
DA:43,1
DA:44,1
DA:45,1
DA:46,1
DA:47,1
DA:48,1
DA:49,1
DA:50,1
DA:51,1
DA:52,1
LF:52
LH:49
BRDA:20,0,0,4
BRDA:13,1,0,0
BRDA:15,2,0,0
BRDA:16,3,0,0
BRDA:22,4,0,8
BRDA:32,5,0,0
BRDA:34,6,0,0
BRDA:36,7,0,0
BRDA:45,8,0,8
BRF:9
BRH:3
end_of_record
TN:
SF:src\core\resilience.ts
FN:14,withRetries
FN:23,shouldRetry
FNF:2
FNH:1
FNDA:4,withRetries
FNDA:0,shouldRetry
DA:1,1
DA:2,1
DA:3,1
DA:4,1
DA:5,1
DA:6,1
DA:7,1
DA:8,1
DA:9,1
DA:10,1
DA:11,1
DA:12,1
DA:13,1
DA:14,4
DA:15,4
DA:16,4
DA:17,4
DA:18,4
DA:19,4
DA:20,4
DA:21,4
DA:22,4
DA:23,4
DA:24,4
DA:25,4
DA:26,4
DA:27,4
DA:28,4
DA:29,0
DA:30,0
DA:31,0
DA:32,0
DA:33,0
DA:34,0
DA:35,0
DA:36,0
DA:37,0
DA:38,4
DA:39,0
DA:40,0
DA:41,0
LF:41
LH:29
BRDA:14,0,0,4
BRDA:19,1,0,0
BRDA:20,2,0,0
BRDA:28,3,0,0
BRDA:38,4,0,0
BRF:5
BRH:1
end_of_record
TN:
SF:src\core\session.ts
FN:17,<instance_members_initializer>
FN:20,get
FN:24,set
FN:28,delete
FN:32,clear
FN:40,<instance_members_initializer>
FN:43,FileSessionStore
FN:47,getPath
FN:51,ensureDir
FN:57,get
FN:66,set
FN:71,delete
FN:77,clear
FNF:13
FNH:9
FNDA:5,<instance_members_initializer>
FNDA:0,get
FNDA:3,set
FNDA:0,delete
FNDA:0,clear
FNDA:1,<instance_members_initializer>
FNDA:1,FileSessionStore
FNDA:2,getPath
FNDA:1,ensureDir
FNDA:1,get
FNDA:1,set
FNDA:0,delete
FNDA:1,clear
DA:1,1
DA:2,1
DA:3,1
DA:4,1
DA:5,1
DA:6,1
DA:7,1
DA:8,1
DA:9,1
DA:10,1
DA:11,1
DA:12,1
DA:13,1
DA:14,1
DA:15,1
DA:16,1
DA:17,1
DA:18,5
DA:19,5
DA:20,5
DA:21,0
DA:22,0
DA:23,5
DA:24,5
DA:25,3
DA:26,3
DA:27,5
DA:28,5
DA:29,0
DA:30,0
DA:31,5
DA:32,5
DA:33,0
DA:34,0
DA:35,5
DA:36,1
DA:37,1
DA:38,1
DA:39,1
DA:40,1
DA:41,1
DA:42,1
DA:43,1
DA:44,1
DA:45,1
DA:46,1
DA:47,1
DA:48,2
DA:49,2
DA:50,1
DA:51,1
DA:52,1
DA:53,1
DA:54,1
DA:55,1
DA:56,1
DA:57,1
DA:58,1
DA:59,1
DA:60,1
DA:61,1
DA:62,0
DA:63,0
DA:64,1
DA:65,1
DA:66,1
DA:67,1
DA:68,1
DA:69,1
DA:70,1
DA:71,1
DA:72,0
DA:73,0
DA:74,0
DA:75,0
DA:76,1
DA:77,1
DA:78,1
DA:79,1
DA:80,1
DA:81,1
DA:82,1
DA:83,1
DA:84,1
DA:85,1
DA:86,1
DA:87,1
LF:87
LH:75
BRDA:17,0,0,5
BRDA:24,1,0,3
BRDA:40,2,0,1
BRDA:43,3,0,1
BRDA:47,4,0,2
BRDA:51,5,0,1
BRDA:54,6,0,0
BRDA:57,7,0,1
BRDA:61,8,0,0
BRDA:66,9,0,1
BRDA:77,10,0,1
BRDA:85,11,0,0
BRF:12
BRH:9
end_of_record
TN:
SF:src\core\telemetry.ts
FNF:0
FNH:0
DA:1,1
DA:2,1
DA:3,1
DA:4,1
DA:5,1
DA:6,1
DA:7,1
DA:8,1
LF:8
LH:8
BRF:0
BRH:0
end_of_record
TN:
SF:src\deployment\aws_sagemaker.ts
FN:25,<instance_members_initializer>
FN:28,AwsSageMakerDeployer
FN:38,deployEndpoint
FN:84,getEndpointStatus
FNF:4
FNH:3
FNDA:1,<instance_members_initializer>
FNDA:1,AwsSageMakerDeployer
FNDA:1,deployEndpoint
FNDA:0,getEndpointStatus
DA:1,1
DA:2,1
DA:3,1
DA:4,1
DA:5,1
DA:6,1
DA:7,1
DA:8,1
DA:9,1
DA:10,1
DA:11,1
DA:12,1
DA:13,1
DA:14,1
DA:15,1
DA:16,1
DA:17,1
DA:18,1
DA:19,1
DA:20,1
DA:21,1
DA:22,1
DA:23,1
DA:24,1
DA:25,1
DA:26,1
DA:27,1
DA:28,1
DA:29,1
DA:30,1
DA:31,1
DA:32,1
DA:33,1
DA:34,1
DA:35,1
DA:36,1
DA:37,1
DA:38,1
DA:39,1
DA:40,1
DA:41,1
DA:42,1
DA:43,1
DA:44,1
DA:45,1
DA:46,1
DA:47,1
DA:48,1
DA:49,1
DA:50,1
DA:51,1
DA:52,1
DA:53,1
DA:54,1
DA:55,1
DA:56,1
DA:57,1
DA:58,1
DA:59,1
DA:60,1
DA:61,1
DA:62,1
DA:63,1
DA:64,1
DA:65,1
DA:66,1
DA:67,1
DA:68,1
DA:69,1
DA:70,1
DA:71,1
DA:72,1
DA:73,1
DA:74,1
DA:75,1
DA:76,1
DA:77,0
DA:78,0
DA:79,1
DA:80,1
DA:81,1
DA:82,1
DA:83,1
DA:84,1
DA:85,0
DA:86,0
DA:87,0
DA:88,1
LF:88
LH:83
BRDA:25,0,0,1
BRDA:28,1,0,1
BRDA:38,2,0,1
BRDA:65,3,0,0
BRDA:76,4,0,0
BRF:5
BRH:3
end_of_record
TN:
SF:src\deployment\azure_ml.ts
FN:21,<instance_members_initializer>
FNF:1
FNH:0
FNDA:0,<instance_members_initializer>
DA:1,1
DA:2,1
DA:3,1
DA:4,1
DA:5,1
DA:6,1
DA:7,1
DA:8,1
DA:9,1
DA:10,1
DA:11,1
DA:12,1
DA:13,1
DA:14,1
DA:15,1
DA:16,1
DA:17,1
DA:18,1
DA:19,1
DA:20,1
DA:21,1
DA:22,0
DA:23,0
DA:24,0
DA:25,0
DA:26,0
DA:27,0
DA:28,0
DA:29,0
DA:30,0
DA:31,0
DA:32,0
DA:33,0
DA:34,0
DA:35,0
DA:36,0
DA:37,0
DA:38,0
DA:39,0
DA:40,0
DA:41,0
DA:42,0
DA:43,0
DA:44,0
DA:45,0
DA:46,0
DA:47,0
DA:48,0
DA:49,0
DA:50,0
DA:51,0
DA:52,0
DA:53,0
DA:54,0
DA:55,0
DA:56,0
DA:57,0
DA:58,0
DA:59,0
DA:60,0
DA:61,0
DA:62,0
DA:63,0
DA:64,0
DA:65,0
DA:66,0
DA:67,0
DA:68,0
DA:69,0
DA:70,0
DA:71,0
DA:72,0
DA:73,0
DA:74,0
DA:75,0
DA:76,0
DA:77,0
DA:78,0
DA:79,0
DA:80,0
DA:81,0
DA:82,0
DA:83,0
DA:84,0
DA:85,0
DA:86,0
DA:87,0
DA:88,0
DA:89,0
DA:90,0
DA:91,0
DA:92,0
DA:93,0
DA:94,0
DA:95,0
DA:96,0
DA:97,0
DA:98,0
DA:99,0
DA:100,0
DA:101,0
DA:102,0
DA:103,0
DA:104,0
DA:105,0
DA:106,0
DA:107,0
LF:107
LH:21
BRDA:21,0,0,0
BRF:1
BRH:0
end_of_record
TN:
SF:src\deployment\gcp_vertex_manager.ts
FN:16,<instance_members_initializer>
FNF:1
FNH:0
FNDA:0,<instance_members_initializer>
DA:1,1
DA:2,1
DA:3,1
DA:4,1
DA:5,1
DA:6,1
DA:7,1
DA:8,1
DA:9,1
DA:10,1
DA:11,1
DA:12,1
DA:13,1
DA:14,1
DA:15,1
DA:16,1
DA:17,0
DA:18,0
DA:19,0
DA:20,0
DA:21,0
DA:22,0
DA:23,0
DA:24,0
DA:25,0
DA:26,0
DA:27,0
DA:28,0
DA:29,0
DA:30,0
DA:31,0
DA:32,0
DA:33,0
DA:34,0
DA:35,0
DA:36,0
DA:37,0
DA:38,0
DA:39,0
DA:40,0
DA:41,0
DA:42,0
DA:43,0
DA:44,0
DA:45,0
DA:46,0
DA:47,0
DA:48,0
DA:49,0
DA:50,0
DA:51,0
DA:52,0
DA:53,0
DA:54,0
DA:55,0
DA:56,0
DA:57,0
DA:58,0
DA:59,0
DA:60,0
DA:61,0
DA:62,0
DA:63,0
DA:64,0
DA:65,0
DA:66,0
DA:67,0
LF:67
LH:16
BRDA:16,0,0,0
BRF:1
BRH:0
end_of_record
TN:
SF:src\deployment\huggingface_manager.ts
FN:15,<instance_members_initializer>
FN:19,InferenceEndpointManager
FN:23,get headers
FN:33,createEndpoint
FN:73,getEndpointStatus
FN:85,pauseEndpoint
FN:94,resumeEndpoint
FNF:7
FNH:4
FNDA:1,<instance_members_initializer>
FNDA:1,InferenceEndpointManager
FNDA:1,get headers
FNDA:0,createEndpoint
FNDA:1,getEndpointStatus
FNDA:0,pauseEndpoint
FNDA:0,resumeEndpoint
DA:1,1
DA:2,1
DA:3,1
DA:4,1
DA:5,1
DA:6,1
DA:7,1
DA:8,1
DA:9,1
DA:10,1
DA:11,1
DA:12,1
DA:13,1
DA:14,1
DA:15,1
DA:16,1
DA:17,1
DA:18,1
DA:19,1
DA:20,1
DA:21,1
DA:22,1
DA:23,1
DA:24,1
DA:25,1
DA:26,1
DA:27,1
DA:28,1
DA:29,1
DA:30,1
DA:31,1
DA:32,1
DA:33,1
DA:34,0
DA:35,0
DA:36,0
DA:37,0
DA:38,0
DA:39,0
DA:40,0
DA:41,0
DA:42,0
DA:43,0
DA:44,0
DA:45,0
DA:46,0
DA:47,0
DA:48,0
DA:49,0
DA:50,0
DA:51,0
DA:52,0
DA:53,0
DA:54,0
DA:55,0
DA:56,0
DA:57,0
DA:58,0
DA:59,0
DA:60,0
DA:61,0
DA:62,0
DA:63,0
DA:64,0
DA:65,0
DA:66,0
DA:67,0
DA:68,0
DA:69,1
DA:70,1
DA:71,1
DA:72,1
DA:73,1
DA:74,1
DA:75,1
DA:76,1
DA:77,1
DA:78,1
DA:79,1
DA:80,1
DA:81,1
DA:82,1
DA:83,1
DA:84,1
DA:85,1
DA:86,0
DA:87,0
DA:88,0
DA:89,0
DA:90,1
DA:91,1
DA:92,1
DA:93,1
DA:94,1
DA:95,0
DA:96,0
DA:97,0
DA:98,0
DA:99,1
LF:99
LH:56
BRDA:15,0,0,1
BRDA:19,1,0,1
BRDA:23,2,0,1
BRDA:73,3,0,1
BRDA:76,4,0,0
BRF:5
BRH:4
end_of_record
TN:
SF:src\gateway\cache.ts
FN:14,<instance_members_initializer>
FNF:1
FNH:0
FNDA:0,<instance_members_initializer>
DA:1,1
DA:2,1
DA:3,1
DA:4,1
DA:5,1
DA:6,1
DA:7,1
DA:8,1
DA:9,1
DA:10,1
DA:11,1
DA:12,1
DA:13,1
DA:14,1
DA:15,0
DA:16,0
DA:17,0
DA:18,0
DA:19,0
DA:20,0
DA:21,0
DA:22,0
DA:23,0
DA:24,0
DA:25,0
DA:26,0
DA:27,0
DA:28,0
DA:29,0
DA:30,0
DA:31,0
DA:32,0
DA:33,0
DA:34,0
DA:35,0
DA:36,0
DA:37,0
DA:38,0
DA:39,0
DA:40,0
DA:41,0
DA:42,0
DA:43,0
DA:44,0
DA:45,0
DA:46,0
DA:47,0
DA:48,0
DA:49,0
DA:50,0
DA:51,0
DA:52,0
DA:53,0
DA:54,0
DA:55,0
DA:56,0
DA:57,0
DA:58,0
DA:59,0
DA:60,0
DA:61,0
DA:62,0
DA:63,0
DA:64,0
DA:65,0
DA:66,0
LF:66
LH:14
BRDA:14,0,0,0
BRF:1
BRH:0
end_of_record
TN:
SF:src\gateway\index.ts
FNF:0
FNH:0
DA:1,1
DA:2,1
DA:3,1
LF:3
LH:3
BRF:0
BRH:0
end_of_record
TN:
SF:src\gateway\middleware.ts
FN:19,applyRequestMiddleware
FN:32,applyResponseMiddleware
FNF:2
FNH:0
FNDA:0,applyRequestMiddleware
FNDA:0,applyResponseMiddleware
DA:1,1
DA:2,1
DA:3,1
DA:4,1
DA:5,1
DA:6,1
DA:7,1
DA:8,1
DA:9,1
DA:10,1
DA:11,1
DA:12,1
DA:13,1
DA:14,1
DA:15,1
DA:16,1
DA:17,1
DA:18,1
DA:19,0
DA:20,0
DA:21,0
DA:22,0
DA:23,0
DA:24,0
DA:25,0
DA:26,0
DA:27,0
DA:28,0
DA:29,0
DA:30,0
DA:31,1
DA:32,0
DA:33,0
DA:34,0
DA:35,0
DA:36,0
DA:37,0
DA:38,0
DA:39,0
DA:40,0
DA:41,0
DA:42,0
DA:43,0
DA:44,0
LF:44
LH:19
BRF:0
BRH:0
end_of_record
TN:
SF:src\gateway\router.ts
FN:6,<instance_members_initializer>
FN:9,AIModelGateway
FN:19,use
FN:24,chatComplete
FN:54,chatStream
FNF:5
FNH:2
FNDA:1,<instance_members_initializer>
FNDA:1,AIModelGateway
FNDA:0,use
FNDA:0,chatComplete
FNDA:0,chatStream
DA:1,1
DA:2,1
DA:3,1
DA:4,1
DA:5,1
DA:6,1
DA:7,1
DA:8,1
DA:9,1
DA:10,1
DA:11,0
DA:12,0
DA:13,1
DA:14,1
DA:15,1
DA:16,1
DA:17,1
DA:18,1
DA:19,1
DA:20,0
DA:21,0
DA:22,0
DA:23,1
DA:24,1
DA:25,0
DA:26,0
DA:27,0
DA:28,0
DA:29,0
DA:30,0
DA:31,0
DA:32,0
DA:33,0
DA:34,0
DA:35,0
DA:36,0
DA:37,0
DA:38,0
DA:39,0
DA:40,0
DA:41,0
DA:42,0
DA:43,0
DA:44,0
DA:45,0
DA:46,0
DA:47,0
DA:48,0
DA:49,0
DA:50,0
DA:51,0
DA:52,0
DA:53,1
DA:54,1
DA:55,0
DA:56,0
DA:57,0
DA:58,0
DA:59,0
DA:60,0
DA:61,0
DA:62,0
DA:63,0
DA:64,0
DA:65,0
DA:66,0
DA:67,0
DA:68,0
DA:69,0
DA:70,0
DA:71,0
DA:72,0
DA:73,0
DA:74,0
DA:75,0
DA:76,0
DA:77,0
DA:78,0
DA:79,0
DA:80,0
DA:81,0
DA:82,0
DA:83,0
DA:84,0
DA:85,0
DA:86,0
DA:87,0
DA:88,0
DA:89,0
DA:90,0
DA:91,0
DA:92,0
DA:93,0
DA:94,0
DA:95,1
LF:95
LH:22
BRDA:6,0,0,1
BRDA:9,1,0,1
BRDA:10,2,0,0
BRF:3
BRH:2
end_of_record
TN:
SF:src\memory\honcho.ts
FN:109,<instance_members_initializer>
FN:119,HonchoMemoryStore
FN:167,getMessages
FN:201,addMessage
FN:238,clearSession
FN:268,searchMemory
FN:351,getInsights
FN:367,getContext
FN:412,getPeerCard
FN:421,setPeerCard
FN:430,searchSession
FN:451,getHonchoClient
FN:457,_getOrCreatePeer
FN:465,_getOrCreateSession
FN:476,_ensureSessionPeers
FN:487,_roleToPeerId
FN:502,_sessionContextToMessages
FNF:17
FNH:16
FNDA:53,<instance_members_initializer>
FNDA:53,HonchoMemoryStore
FNDA:5,getMessages
FNDA:5,addMessage
FNDA:3,clearSession
FNDA:10,searchMemory
FNDA:5,getInsights
FNDA:2,getContext
FNDA:1,getPeerCard
FNDA:1,setPeerCard
FNDA:2,searchSession
FNDA:1,getHonchoClient
FNDA:21,_getOrCreatePeer
FNDA:12,_getOrCreateSession
FNDA:0,_ensureSessionPeers
FNDA:3,_roleToPeerId
FNDA:4,_sessionContextToMessages
DA:1,1
DA:2,1
DA:3,1
DA:4,1
DA:5,1
DA:6,1
DA:7,1
DA:8,1
DA:9,1
DA:10,1
DA:11,1
DA:12,1
DA:13,1
DA:14,1
DA:15,1
DA:16,1
DA:17,1
DA:18,1
DA:19,1
DA:20,1
DA:21,1
DA:22,1
DA:23,1
DA:24,1
DA:25,1
DA:26,1
DA:27,1
DA:28,1
DA:29,1
DA:30,1
DA:31,1
DA:32,1
DA:33,1
DA:34,1
DA:35,1
DA:36,1
DA:37,1
DA:38,1
DA:39,1
DA:40,1
DA:41,1
DA:42,1
DA:43,1
DA:44,1
DA:45,1
DA:46,1
DA:47,1
DA:48,1
DA:49,1
DA:50,1
DA:51,1
DA:52,1
DA:53,1
DA:54,1
DA:55,1
DA:56,1
DA:57,1
DA:58,1
DA:59,1
DA:60,1
DA:61,1
DA:62,1
DA:63,1
DA:64,1
DA:65,1
DA:66,1
DA:67,1
DA:68,1
DA:69,1
DA:70,1
DA:71,1
DA:72,1
DA:73,1
DA:74,1
DA:75,1
DA:76,1
DA:77,1
DA:78,1
DA:79,1
DA:80,1
DA:81,1
DA:82,1
DA:83,1
DA:84,1
DA:85,1
DA:86,1
DA:87,1
DA:88,1
DA:89,1
DA:90,1
DA:91,1
DA:92,1
DA:93,1
DA:94,1
DA:95,1
DA:96,1
DA:97,1
DA:98,1
DA:99,1
DA:100,1
DA:101,1
DA:102,1
DA:103,1
DA:104,1
DA:105,1
DA:106,1
DA:107,1
DA:108,1
DA:109,1
DA:110,53
DA:111,53
DA:112,53
DA:113,53
DA:114,53
DA:115,53
DA:116,53
DA:117,53
DA:118,53
DA:119,53
DA:120,53
DA:121,51
DA:122,2
DA:123,53
DA:124,53
DA:125,1
DA:126,1
DA:127,1
DA:128,1
DA:129,52
DA:130,52
DA:131,1
DA:132,51
DA:133,0
DA:134,51
DA:135,53
DA:136,53
DA:137,53
DA:138,53
DA:139,53
DA:140,53
DA:141,53
DA:142,1
DA:143,1
DA:144,53
DA:145,0
DA:146,0
DA:147,52
DA:148,52
DA:149,52
DA:150,52
DA:151,53
DA:152,53
DA:153,53
DA:154,53
DA:155,53
DA:156,53
DA:157,53
DA:158,53
DA:159,53
DA:160,53
DA:161,53
DA:162,53
DA:163,53
DA:164,53
DA:165,53
DA:166,53
DA:167,53
DA:168,5
DA:169,1
DA:170,1
DA:171,4
DA:172,4
DA:173,4
DA:174,4
DA:175,4
DA:176,4
DA:177,4
DA:178,4
DA:179,4
DA:180,4
DA:181,3
DA:182,3
DA:183,5
DA:184,1
DA:185,1
DA:186,1
DA:187,1
DA:188,0
DA:189,0
DA:190,5
DA:191,53
DA:192,53
DA:193,53
DA:194,53
DA:195,53
DA:196,53
DA:197,53
DA:198,53
DA:199,53
DA:200,53
DA:201,53
DA:202,5
DA:203,1
DA:204,1
DA:205,5
DA:206,1
DA:207,1
DA:208,3
DA:209,3
DA:210,3
DA:211,3
DA:212,3
DA:213,3
DA:214,3
DA:215,3
DA:216,3
DA:217,5
DA:218,1
DA:219,1
DA:220,1
DA:221,5
DA:222,0
DA:223,0
DA:224,5
DA:225,0
DA:226,0
DA:227,3
DA:228,3
DA:229,5
DA:230,5
DA:231,5
DA:232,5
DA:233,5
DA:234,53
DA:235,53
DA:236,53
DA:237,53
DA:238,53
DA:239,3
DA:240,2
DA:241,2
DA:242,2
DA:243,2
DA:244,1
DA:245,1
DA:246,3
DA:247,2
DA:248,2
DA:249,3
DA:250,53
DA:251,53
DA:252,53
DA:253,53
DA:254,53
DA:255,53
DA:256,53
DA:257,53
DA:258,53
DA:259,53
DA:260,53
DA:261,53
DA:262,53
DA:263,53
DA:264,53
DA:265,53
DA:266,53
DA:267,53
DA:268,53
DA:269,10
DA:270,10
DA:271,10
DA:272,10
DA:273,10
DA:274,10
DA:275,8
DA:276,8
DA:277,8
DA:278,8
DA:279,8
DA:280,8
DA:281,8
DA:282,8
DA:283,10
DA:284,10
DA:285,10
DA:286,10
DA:287,10
DA:288,10
DA:289,8
DA:290,10
DA:291,7
DA:292,7
DA:293,7
DA:294,7
DA:295,7
DA:296,7
DA:297,7
DA:298,21
DA:299,21
DA:300,21
DA:301,21
DA:302,21
DA:303,21
DA:304,7
DA:305,7
DA:306,10
DA:307,0
DA:308,0
DA:309,8
DA:310,8
DA:311,8
DA:312,10
DA:313,8
DA:314,8
DA:315,8
DA:316,8
DA:317,8
DA:318,8
DA:319,8
DA:320,8
DA:321,8
DA:322,8
DA:323,8
DA:324,10
DA:325,0
DA:326,0
DA:327,8
DA:328,8
DA:329,8
DA:330,8
DA:331,8
DA:332,8
DA:333,29
DA:334,8
DA:335,10
DA:336,53
DA:337,53
DA:338,53
DA:339,53
DA:340,53
DA:341,53
DA:342,53
DA:343,53
DA:344,53
DA:345,53
DA:346,53
DA:347,53
DA:348,53
DA:349,53
DA:350,53
DA:351,53
DA:352,5
DA:353,5
DA:354,3
DA:355,3
DA:356,3
DA:357,5
DA:358,5
DA:359,53
DA:360,53
DA:361,53
DA:362,53
DA:363,53
DA:364,53
DA:365,53
DA:366,53
DA:367,53
DA:368,2
DA:369,2
DA:370,2
DA:371,2
DA:372,1
DA:373,1
DA:374,1
DA:375,1
DA:376,1
DA:377,1
DA:378,2
DA:379,2
DA:380,2
DA:381,2
DA:382,2
DA:383,0
DA:384,0
DA:385,2
DA:386,0
DA:387,0
DA:388,2
DA:389,0
DA:390,0
DA:391,0
DA:392,0
DA:393,0
DA:394,0
DA:395,0
DA:396,0
DA:397,1
DA:398,1
DA:399,1
DA:400,1
DA:401,1
DA:402,2
DA:403,2
DA:404,2
DA:405,2
DA:406,2
DA:407,53
DA:408,53
DA:409,53
DA:410,53
DA:411,53
DA:412,53
DA:413,1
DA:414,1
DA:415,1
DA:416,1
DA:417,53
DA:418,53
DA:419,53
DA:420,53
DA:421,53
DA:422,1
DA:423,1
DA:424,1
DA:425,1
DA:426,53
DA:427,53
DA:428,53
DA:429,53
DA:430,53
DA:431,2
DA:432,2
DA:433,2
DA:434,2
DA:435,2
DA:436,2
DA:437,2
DA:438,2
DA:439,2
DA:440,2
DA:441,2
DA:442,2
DA:443,2
DA:444,2
DA:445,2
DA:446,2
DA:447,53
DA:448,53
DA:449,53
DA:450,53
DA:451,53
DA:452,1
DA:453,1
DA:454,53
DA:455,53
DA:456,53
DA:457,53
DA:458,21
DA:459,21
DA:460,21
DA:461,21
DA:462,21
DA:463,21
DA:464,53
DA:465,53
DA:466,12
DA:467,12
DA:468,12
DA:469,12
DA:470,12
DA:471,12
DA:472,53
DA:473,53
DA:474,53
DA:475,53
DA:476,53
DA:477,0
DA:478,0
DA:479,0
DA:480,0
DA:481,0
DA:482,0
DA:483,0
DA:484,0
DA:485,0
DA:486,53
DA:487,53
DA:488,3
DA:489,3
DA:490,1
DA:491,3
DA:492,3
DA:493,3
DA:494,3
DA:495,2
DA:496,3
DA:497,3
DA:498,53
DA:499,53
DA:500,53
DA:501,53
DA:502,53
DA:503,4
DA:504,4
DA:505,4
DA:506,4
DA:507,4
DA:508,4
DA:509,4
DA:510,4
DA:511,4
DA:512,4
DA:513,4
DA:514,4
DA:515,4
DA:516,4
DA:517,4
DA:518,4
DA:519,4
DA:520,4
DA:521,4
DA:522,4
DA:523,4
DA:524,4
DA:525,4
DA:526,4
DA:527,8
DA:528,8
DA:529,8
DA:530,8
DA:531,8
DA:532,0
DA:533,0
DA:534,8
DA:535,4
DA:536,4
DA:537,4
DA:538,53
LF:538
LH:502
BRDA:109,0,0,53
BRDA:119,1,0,53
BRDA:120,2,0,51
BRDA:121,3,0,2
BRDA:124,4,0,52
BRDA:124,5,0,1
BRDA:128,6,0,52
BRDA:130,7,0,1
BRDA:131,8,0,51
BRDA:132,9,0,0
BRDA:141,10,0,1
BRDA:143,11,0,52
BRDA:144,12,0,0
BRDA:146,13,0,52
BRDA:151,14,0,1
BRDA:151,15,0,51
BRDA:152,16,0,1
BRDA:152,17,0,51
BRDA:153,18,0,1
BRDA:153,19,0,51
BRDA:154,20,0,1
BRDA:154,21,0,51
BRDA:167,22,0,5
BRDA:168,23,0,4
BRDA:168,24,0,1
BRDA:170,25,0,4
BRDA:180,26,0,3
BRDA:183,27,0,1
BRDA:185,28,0,0
BRDA:187,29,0,0
BRDA:201,30,0,5
BRDA:202,31,0,4
BRDA:202,32,0,1
BRDA:204,33,0,4
BRDA:205,34,0,3
BRDA:205,35,0,3
BRDA:205,36,0,1
BRDA:207,37,0,3
BRDA:217,38,0,1
BRDA:220,39,0,3
BRDA:221,40,0,0
BRDA:223,41,0,3
BRDA:224,42,0,0
BRDA:226,43,0,3
BRDA:229,44,0,1
BRDA:229,45,0,2
BRDA:232,46,0,3
BRDA:238,47,0,3
BRDA:239,48,0,1
BRDA:239,49,0,2
BRDA:243,50,0,1
BRDA:246,51,0,2
BRDA:268,52,0,10
BRDA:273,53,0,1
BRDA:273,54,0,9
BRDA:274,55,0,1
BRDA:274,56,0,8
BRDA:283,57,0,7
BRDA:284,58,0,7
BRDA:285,59,0,7
BRDA:286,60,0,7
BRDA:287,61,0,0
BRDA:287,62,0,8
BRDA:288,63,0,8
BRDA:290,64,0,7
BRDA:306,65,0,0
BRDA:308,66,0,8
BRDA:312,67,0,7
BRDA:312,68,0,8
BRDA:324,69,0,0
BRDA:326,70,0,8
BRDA:294,71,0,21
BRDA:295,72,0,21
BRDA:297,73,0,21
BRDA:314,74,0,8
BRDA:330,75,0,21
BRDA:332,76,0,29
BRDA:333,77,0,71
BRDA:351,78,0,5
BRDA:352,79,0,1
BRDA:352,80,0,4
BRDA:353,81,0,1
BRDA:353,82,0,3
BRDA:357,83,0,1
BRDA:367,84,0,2
BRDA:371,85,0,1
BRDA:378,86,0,1
BRDA:382,87,0,0
BRDA:384,88,0,1
BRDA:385,89,0,0
BRDA:387,90,0,1
BRDA:388,91,0,1
BRDA:388,92,0,0
BRDA:396,93,0,1
BRDA:402,94,0,0
BRDA:412,95,0,1
BRDA:415,96,0,0
BRDA:421,97,0,1
BRDA:424,98,0,0
BRDA:430,99,0,2
BRDA:438,100,0,2
BRDA:451,101,0,1
BRDA:457,102,0,21
BRDA:465,103,0,12
BRDA:487,104,0,3
BRDA:489,105,0,1
BRDA:491,106,0,1
BRDA:492,107,0,1
BRDA:493,108,0,2
BRDA:494,109,0,2
BRDA:502,110,0,4
BRDA:526,111,0,8
BRDA:531,112,0,0
BRF:113
BRH:97
end_of_record
TN:
SF:src\memory\index.ts
FNF:0
FNH:0
DA:1,1
DA:2,1
DA:3,1
LF:3
LH:3
BRF:0
BRH:0
end_of_record
TN:
SF:src\memory\redis.ts
FN:15,<instance_members_initializer>
FNF:1
FNH:0
FNDA:0,<instance_members_initializer>
DA:1,1
DA:2,1
DA:3,1
DA:4,1
DA:5,1
DA:6,1
DA:7,1
DA:8,1
DA:9,1
DA:10,1
DA:11,1
DA:12,1
DA:13,1
DA:14,1
DA:15,1
DA:16,0
DA:17,0
DA:18,0
DA:19,0
DA:20,0
DA:21,0
DA:22,0
DA:23,0
DA:24,0
DA:25,0
DA:26,0
DA:27,0
DA:28,0
DA:29,0
DA:30,0
DA:31,0
DA:32,0
DA:33,0
DA:34,0
DA:35,0
DA:36,0
DA:37,0
DA:38,0
DA:39,0
DA:40,0
DA:41,0
DA:42,0
DA:43,0
DA:44,0
DA:45,0
DA:46,0
DA:47,0
DA:48,0
DA:49,0
DA:50,0
DA:51,0
DA:52,0
DA:53,0
DA:54,0
DA:55,0
DA:56,0
DA:57,0
LF:57
LH:15
BRDA:15,0,0,0
BRF:1
BRH:0
end_of_record
TN:
SF:src\memory\semantic.ts
FN:29,<instance_members_initializer>
FN:33,SemanticMemorySearch
FN:50,search
FN:101,searchMessages
FN:115,searchConclusions
FN:134,getInsights
FN:140,_searchVectors
FNF:7
FNH:7
FNDA:15,<instance_members_initializer>
FNDA:15,SemanticMemorySearch
FNDA:5,search
FNDA:3,searchMessages
FNDA:2,searchConclusions
FNDA:1,getInsights
FNDA:3,_searchVectors
DA:1,1
DA:2,1
DA:3,1
DA:4,1
DA:5,1
DA:6,1
DA:7,1
DA:8,1
DA:9,1
DA:10,1
DA:11,1
DA:12,1
DA:13,1
DA:14,1
DA:15,1
DA:16,1
DA:17,1
DA:18,1
DA:19,1
DA:20,1
DA:21,1
DA:22,1
DA:23,1
DA:24,1
DA:25,1
DA:26,1
DA:27,1
DA:28,1
DA:29,1
DA:30,15
DA:31,15
DA:32,15
DA:33,15
DA:34,15
DA:35,1
DA:36,1
DA:37,14
DA:38,14
DA:39,15
DA:40,15
DA:41,15
DA:42,15
DA:43,15
DA:44,15
DA:45,15
DA:46,15
DA:47,15
DA:48,15
DA:49,15
DA:50,15
DA:51,5
DA:52,5
DA:53,5
DA:54,5
DA:55,5
DA:56,5
DA:57,3
DA:58,3
DA:59,3
DA:60,3
DA:61,3
DA:62,3
DA:63,3
DA:64,3
DA:65,3
DA:66,3
DA:67,3
DA:68,3
DA:69,5
DA:70,2
DA:71,8
DA:72,8
DA:73,2
DA:74,3
DA:75,3
DA:76,3
DA:77,0
DA:78,0
DA:79,3
DA:80,3
DA:81,3
DA:82,3
DA:83,5
DA:84,8
DA:85,8
DA:86,8
DA:87,8
DA:88,8
DA:89,8
DA:90,8
DA:91,3
DA:92,3
DA:93,3
DA:94,6
DA:95,3
DA:96,5
DA:97,15
DA:98,15
DA:99,15
DA:100,15
DA:101,15
DA:102,3
DA:103,3
DA:104,3
DA:105,3
DA:106,3
DA:107,3
DA:108,1
DA:109,1
DA:110,3
DA:111,15
DA:112,15
DA:113,15
DA:114,15
DA:115,15
DA:116,2
DA:117,2
DA:118,2
DA:119,2
DA:120,2
DA:121,2
DA:122,1
DA:123,1
DA:124,1
DA:125,1
DA:126,4
DA:127,1
DA:128,2
DA:129,15
DA:130,15
DA:131,15
DA:132,15
DA:133,15
DA:134,15
DA:135,1
DA:136,1
DA:137,15
DA:138,15
DA:139,15
DA:140,15
DA:141,3
DA:142,3
DA:143,3
DA:144,3
DA:145,0
DA:146,0
DA:147,0
DA:148,0
DA:149,0
DA:150,0
DA:151,0
DA:152,3
DA:153,15
LF:153
LH:144
BRDA:29,0,0,15
BRDA:33,1,0,15
BRDA:34,2,0,14
BRDA:34,3,0,1
BRDA:36,4,0,14
BRDA:50,5,0,5
BRDA:55,6,0,1
BRDA:55,7,0,4
BRDA:56,8,0,1
BRDA:56,9,0,3
BRDA:69,10,0,2
BRDA:70,11,0,8
BRDA:73,12,0,3
BRDA:76,13,0,0
BRDA:83,14,0,8
BRDA:87,15,0,0
BRDA:90,16,0,3
BRDA:93,17,0,6
BRDA:101,18,0,3
BRDA:106,19,0,1
BRDA:106,20,0,2
BRDA:107,21,0,1
BRDA:115,22,0,2
BRDA:120,23,0,1
BRDA:121,24,0,0
BRDA:121,25,0,1
BRDA:125,26,0,4
BRDA:134,27,0,1
BRDA:140,28,0,3
BRDA:144,29,0,0
BRF:30
BRH:26
end_of_record
TN:
SF:src\memory\store.ts
FN:16,<instance_members_initializer>
FN:19,InMemoryStore
FN:25,getMessages
FN:32,addMessage
FN:51,clearSession
FN:56,get sessionCount
FNF:6
FNH:5
FNDA:13,<instance_members_initializer>
FNDA:13,InMemoryStore
FNDA:15,getMessages
FNDA:17,addMessage
FNDA:1,clearSession
FNDA:0,get sessionCount
DA:1,1
DA:2,1
DA:3,1
DA:4,1
DA:5,1
DA:6,1
DA:7,1
DA:8,1
DA:9,1
DA:10,1
DA:11,1
DA:12,1
DA:13,1
DA:14,1
DA:15,1
DA:16,1
DA:17,13
DA:18,13
DA:19,13
DA:20,13
DA:21,1
DA:22,1
DA:23,13
DA:24,13
DA:25,13
DA:26,15
DA:27,0
DA:28,0
DA:29,15
DA:30,15
DA:31,13
DA:32,13
DA:33,17
DA:34,0
DA:35,0
DA:36,17
DA:37,0
DA:38,0
DA:39,17
DA:40,17
DA:41,7
DA:42,7
DA:43,17
DA:44,17
DA:45,17
DA:46,17
DA:47,1
DA:48,1
DA:49,17
DA:50,13
DA:51,13
DA:52,1
DA:53,1
DA:54,13
DA:55,13
DA:56,13
DA:57,0
DA:58,0
DA:59,13
LF:59
LH:51
BRDA:16,0,0,13
BRDA:19,1,0,13
BRDA:20,2,0,1
BRDA:25,3,0,15
BRDA:26,4,0,0
BRDA:29,5,0,5
BRDA:32,6,0,17
BRDA:33,7,0,0
BRDA:36,8,0,0
BRDA:40,9,0,7
BRDA:46,10,0,1
BRDA:51,11,0,1
BRF:12
BRH:9
end_of_record
TN:
SF:src\models\anthropic.ts
FN:5,<instance_members_initializer>
FNF:1
FNH:0
FNDA:0,<instance_members_initializer>
DA:1,1
DA:2,1
DA:3,1
DA:4,1
DA:5,1
DA:6,0
DA:7,0
DA:8,0
DA:9,0
DA:10,0
DA:11,0
DA:12,0
DA:13,0
DA:14,0
DA:15,0
DA:16,0
DA:17,0
DA:18,0
DA:19,0
DA:20,0
DA:21,0
DA:22,0
DA:23,0
DA:24,0
DA:25,0
DA:26,0
DA:27,0
DA:28,0
DA:29,0
DA:30,0
DA:31,0
DA:32,0
DA:33,0
DA:34,0
DA:35,0
DA:36,0
DA:37,0
DA:38,0
DA:39,0
DA:40,0
DA:41,0
DA:42,0
DA:43,0
DA:44,0
DA:45,0
DA:46,0
DA:47,0
DA:48,0
DA:49,0
DA:50,0
DA:51,0
DA:52,0
DA:53,0
DA:54,0
DA:55,0
DA:56,0
DA:57,0
DA:58,0
DA:59,0
DA:60,0
DA:61,0
DA:62,0
DA:63,0
DA:64,0
DA:65,0
DA:66,0
DA:67,0
DA:68,0
DA:69,0
DA:70,0
DA:71,0
DA:72,0
DA:73,0
DA:74,0
DA:75,0
DA:76,0
DA:77,0
DA:78,0
LF:78
LH:5
BRDA:5,0,0,0
BRF:1
BRH:0
end_of_record
TN:
SF:src\models\aws_bedrock.ts
FN:15,<instance_members_initializer>
FN:19,AwsBedrockProvider
FN:29,get providerName
FN:33,chatComplete
FN:81,chatStream
FNF:5
FNH:4
FNDA:1,<instance_members_initializer>
FNDA:1,AwsBedrockProvider
FNDA:1,get providerName
FNDA:1,chatComplete
FNDA:0,chatStream
DA:1,1
DA:2,1
DA:3,1
DA:4,1
DA:5,1
DA:6,1
DA:7,1
DA:8,1
DA:9,1
DA:10,1
DA:11,1
DA:12,1
DA:13,1
DA:14,1
DA:15,1
DA:16,1
DA:17,1
DA:18,1
DA:19,1
DA:20,1
DA:21,1
DA:22,1
DA:23,1
DA:24,1
DA:25,1
DA:26,1
DA:27,1
DA:28,1
DA:29,1
DA:30,1
DA:31,1
DA:32,1
DA:33,1
DA:34,1
DA:35,0
DA:36,1
DA:37,1
DA:38,1
DA:39,1
DA:40,1
DA:41,1
DA:42,1
DA:43,1
DA:44,1
DA:45,1
DA:46,1
DA:47,1
DA:48,1
DA:49,1
DA:50,1
DA:51,1
DA:52,1
DA:53,1
DA:54,1
DA:55,1
DA:56,1
DA:57,1
DA:58,1
DA:59,1
DA:60,1
DA:61,1
DA:62,1
DA:63,1
DA:64,1
DA:65,1
DA:66,1
DA:67,1
DA:68,1
DA:69,1
DA:70,1
DA:71,1
DA:72,1
DA:73,1
DA:74,1
DA:75,1
DA:76,1
DA:77,0
DA:78,0
DA:79,1
DA:80,1
DA:81,1
DA:82,0
DA:83,0
DA:84,0
DA:85,0
DA:86,0
DA:87,0
DA:88,0
DA:89,1
LF:89
LH:79
BRDA:15,0,0,1
BRDA:19,1,0,1
BRDA:29,2,0,1
BRDA:33,3,0,1
BRDA:34,4,0,0
BRDA:41,5,0,0
BRDA:67,6,0,0
BRDA:69,7,0,0
BRDA:70,8,0,0
BRDA:71,9,0,0
BRDA:71,10,0,0
BRDA:76,11,0,0
BRDA:41,12,0,1
BRDA:42,13,0,1
BRDA:42,14,0,1
BRF:15
BRH:7
end_of_record
TN:
SF:src\models\azure_openai.ts
FN:12,<instance_members_initializer>
FN:16,AzureOpenAiProvider
FN:22,get providerName
FN:26,chatComplete
FN:64,chatStream
FNF:5
FNH:4
FNDA:1,<instance_members_initializer>
FNDA:1,AzureOpenAiProvider
FNDA:1,get providerName
FNDA:1,chatComplete
FNDA:0,chatStream
DA:1,1
DA:2,1
DA:3,1
DA:4,1
DA:5,1
DA:6,1
DA:7,1
DA:8,1
DA:9,1
DA:10,1
DA:11,1
DA:12,1
DA:13,1
DA:14,1
DA:15,1
DA:16,1
DA:17,1
DA:18,1
DA:19,1
DA:20,1
DA:21,1
DA:22,1
DA:23,1
DA:24,1
DA:25,1
DA:26,1
DA:27,1
DA:28,1
DA:29,1
DA:30,1
DA:31,1
DA:32,1
DA:33,1
DA:34,1
DA:35,1
DA:36,1
DA:37,1
DA:38,1
DA:39,1
DA:40,1
DA:41,1
DA:42,1
DA:43,1
DA:44,1
DA:45,0
DA:46,0
DA:47,0
DA:48,0
DA:49,0
DA:50,1
DA:51,1
DA:52,1
DA:53,1
DA:54,1
DA:55,1
DA:56,1
DA:57,1
DA:58,1
DA:59,1
DA:60,0
DA:61,0
DA:62,1
DA:63,1
DA:64,1
DA:65,0
DA:66,0
DA:67,0
DA:68,0
DA:69,0
DA:70,0
DA:71,0
DA:72,0
DA:73,0
DA:74,0
DA:75,0
DA:76,0
DA:77,0
DA:78,0
DA:79,0
DA:80,0
DA:81,0
DA:82,0
DA:83,0
DA:84,0
DA:85,1
LF:85
LH:58
BRDA:12,0,0,1
BRDA:16,1,0,1
BRDA:22,2,0,1
BRDA:26,3,0,1
BRDA:43,4,0,0
BRDA:44,5,0,0
BRDA:52,6,0,0
BRDA:53,7,0,0
BRDA:54,8,0,0
BRDA:59,9,0,0
BRDA:30,10,0,1
BRF:11
BRH:5
end_of_record
TN:
SF:src\models\base.ts
FNF:0
FNH:0
DA:1,1
DA:2,1
DA:3,1
DA:4,1
DA:5,1
DA:6,1
DA:7,1
DA:8,1
DA:9,1
DA:10,1
DA:11,1
DA:12,1
DA:13,1
DA:14,1
DA:15,1
DA:16,1
DA:17,1
LF:17
LH:17
BRF:0
BRH:0
end_of_record
TN:
SF:src\models\gcp_vertex.ts
FN:11,<instance_members_initializer>
FN:15,GcpVertexProvider
FN:23,get providerName
FN:27,chatComplete
FN:68,chatStream
FNF:5
FNH:4
FNDA:1,<instance_members_initializer>
FNDA:1,GcpVertexProvider
FNDA:1,get providerName
FNDA:1,chatComplete
FNDA:0,chatStream
DA:1,1
DA:2,1
DA:3,1
DA:4,1
DA:5,1
DA:6,1
DA:7,1
DA:8,1
DA:9,1
DA:10,1
DA:11,1
DA:12,1
DA:13,1
DA:14,1
DA:15,1
DA:16,1
DA:17,1
DA:18,1
DA:19,1
DA:20,1
DA:21,1
DA:22,1
DA:23,1
DA:24,1
DA:25,1
DA:26,1
DA:27,1
DA:28,1
DA:29,1
DA:30,1
DA:31,1
DA:32,1
DA:33,1
DA:34,1
DA:35,1
DA:36,1
DA:37,1
DA:38,1
DA:39,1
DA:40,1
DA:41,1
DA:42,1
DA:43,1
DA:44,1
DA:45,1
DA:46,1
DA:47,1
DA:48,1
DA:49,1
DA:50,1
DA:51,1
DA:52,1
DA:53,1
DA:54,1
DA:55,1
DA:56,1
DA:57,1
DA:58,1
DA:59,1
DA:60,1
DA:61,1
DA:62,1
DA:63,1
DA:64,0
DA:65,0
DA:66,1
DA:67,1
DA:68,1
DA:69,0
DA:70,0
DA:71,0
DA:72,0
DA:73,0
DA:74,0
DA:75,0
DA:76,0
DA:77,0
DA:78,0
DA:79,0
DA:80,0
DA:81,0
DA:82,0
DA:83,0
DA:84,1
LF:84
LH:67
BRDA:11,0,0,1
BRDA:15,1,0,1
BRDA:23,2,0,1
BRDA:27,3,0,1
BRDA:28,4,0,0
BRDA:37,5,0,0
BRDA:48,6,0,0
BRDA:51,7,0,0
BRDA:56,8,0,0
BRDA:57,9,0,0
BRDA:58,10,0,0
BRDA:63,11,0,0
BRDA:37,12,0,1
BRDA:40,13,0,1
BRDA:40,14,0,1
BRDA:41,15,0,0
BRF:16
BRH:7
end_of_record
TN:
SF:src\models\huggingface.ts
FN:5,<instance_members_initializer>
FN:14,HuggingFaceProvider
FN:20,get providerName
FN:24,chatComplete
FN:73,chatStream
FNF:5
FNH:4
FNDA:2,<instance_members_initializer>
FNDA:2,HuggingFaceProvider
FNDA:1,get providerName
FNDA:1,chatComplete
FNDA:0,chatStream
DA:1,1
DA:2,1
DA:3,1
DA:4,1
DA:5,1
DA:6,2
DA:7,2
DA:8,2
DA:9,2
DA:10,2
DA:11,2
DA:12,2
DA:13,2
DA:14,2
DA:15,2
DA:16,2
DA:17,2
DA:18,2
DA:19,2
DA:20,2
DA:21,1
DA:22,1
DA:23,2
DA:24,2
DA:25,1
DA:26,1
DA:27,1
DA:28,1
DA:29,0
DA:30,0
DA:31,1
DA:32,1
DA:33,1
DA:34,1
DA:35,1
DA:36,1
DA:37,1
DA:38,1
DA:39,1
DA:40,1
DA:41,1
DA:42,1
DA:43,1
DA:44,1
DA:45,1
DA:46,1
DA:47,1
DA:48,1
DA:49,0
DA:50,0
DA:51,1
DA:52,1
DA:53,1
DA:54,1
DA:55,1
DA:56,1
DA:57,0
DA:58,0
DA:59,0
DA:60,0
DA:61,0
DA:62,1
DA:63,1
DA:64,1
DA:65,1
DA:66,1
DA:67,1
DA:68,1
DA:69,1
DA:70,1
DA:71,1
DA:72,2
DA:73,2
DA:74,0
DA:75,0
DA:76,0
DA:77,0
DA:78,0
DA:79,0
DA:80,0
DA:81,0
DA:82,0
DA:83,0
DA:84,0
DA:85,0
DA:86,0
DA:87,0
DA:88,0
DA:89,0
DA:90,0
DA:91,0
DA:92,2
LF:92
LH:65
BRDA:5,0,0,2
BRDA:14,1,0,2
BRDA:20,2,0,1
BRDA:24,3,0,1
BRDA:25,4,0,0
BRDA:28,5,0,0
BRDA:48,6,0,0
BRDA:55,7,0,0
BRDA:56,8,0,0
BRDA:69,9,0,0
BRDA:40,10,0,1
BRF:11
BRH:5
end_of_record
TN:
SF:src\models\index.ts
FNF:0
FNH:0
DA:1,1
DA:2,1
LF:2
LH:2
BRF:0
BRH:0
end_of_record
TN:
SF:src\models\openai.ts
FN:5,<instance_members_initializer>
FN:8,OpenAIProvider
FN:13,get providerName
FN:17,chatComplete
FN:47,chatStream
FNF:5
FNH:4
FNDA:2,<instance_members_initializer>
FNDA:2,OpenAIProvider
FNDA:1,get providerName
FNDA:1,chatComplete
FNDA:0,chatStream
DA:1,1
DA:2,1
DA:3,1
DA:4,1
DA:5,1
DA:6,2
DA:7,2
DA:8,2
DA:9,2
DA:10,2
DA:11,2
DA:12,2
DA:13,2
DA:14,1
DA:15,1
DA:16,2
DA:17,2
DA:18,1
DA:19,1
DA:20,1
DA:21,1
DA:22,1
DA:23,1
DA:24,1
DA:25,1
DA:26,1
DA:27,1
DA:28,1
DA:29,1
DA:30,1
DA:31,1
DA:32,1
DA:33,1
DA:34,1
DA:35,1
DA:36,1
DA:37,1
DA:38,1
DA:39,1
DA:40,1
DA:41,1
DA:42,1
DA:43,1
DA:44,1
DA:45,1
DA:46,2
DA:47,2
DA:48,0
DA:49,0
DA:50,0
DA:51,0
DA:52,0
DA:53,0
DA:54,0
DA:55,0
DA:56,0
DA:57,0
DA:58,0
DA:59,0
DA:60,0
DA:61,0
DA:62,0
DA:63,0
DA:64,2
LF:64
LH:48
BRDA:5,0,0,2
BRDA:8,1,0,2
BRDA:13,2,0,1
BRDA:17,3,0,1
BRDA:19,4,0,0
BRDA:38,5,0,0
BRDA:39,6,0,0
BRDA:40,7,0,0
BRDA:30,8,0,1
BRF:9
BRH:5
end_of_record
TN:
SF:src\models\schemas.ts
FNF:0
FNH:0
DA:1,1
DA:2,1
DA:3,1
DA:4,1
DA:5,1
DA:6,1
DA:7,1
DA:8,1
DA:9,1
DA:10,1
DA:11,1
DA:12,1
DA:13,1
DA:14,1
DA:15,1
DA:16,1
DA:17,1
DA:18,1
DA:19,1
DA:20,1
DA:21,1
DA:22,1
DA:23,1
DA:24,1
DA:25,1
DA:26,1
DA:27,1
DA:28,1
DA:29,1
DA:30,1
DA:31,1
DA:32,1
DA:33,1
DA:34,1
DA:35,1
LF:35
LH:35
BRF:0
BRH:0
end_of_record
TN:
SF:src\multimodal\image_gen.ts
FN:10,<instance_members_initializer>
FN:14,HuggingFaceImageGen
FN:23,generate
FN:40,generateBase64
FN:50,asTool
FN:57,execute
FNF:6
FNH:3
FNDA:1,<instance_members_initializer>
FNDA:1,HuggingFaceImageGen
FNDA:0,generate
FNDA:0,generateBase64
FNDA:1,asTool
FNDA:0,execute
DA:1,1
DA:2,1
DA:3,1
DA:4,1
DA:5,1
DA:6,1
DA:7,1
DA:8,1
DA:9,1
DA:10,1
DA:11,1
DA:12,1
DA:13,1
DA:14,1
DA:15,1
DA:16,1
DA:17,1
DA:18,1
DA:19,1
DA:20,1
DA:21,1
DA:22,1
DA:23,1
DA:24,0
DA:25,0
DA:26,0
DA:27,0
DA:28,0
DA:29,0
DA:30,0
DA:31,0
DA:32,0
DA:33,0
DA:34,0
DA:35,0
DA:36,1
DA:37,1
DA:38,1
DA:39,1
DA:40,1
DA:41,0
DA:42,0
DA:43,0
DA:44,0
DA:45,0
DA:46,1
DA:47,1
DA:48,1
DA:49,1
DA:50,1
DA:51,1
DA:52,1
DA:53,1
DA:54,1
DA:55,1
DA:56,1
DA:57,1
DA:58,0
DA:59,0
DA:60,0
DA:61,0
DA:62,0
DA:63,0
DA:64,0
DA:65,1
DA:66,1
DA:67,1
LF:67
LH:43
BRDA:10,0,0,1
BRDA:14,1,0,1
BRDA:50,2,0,1
BRF:3
BRH:3
end_of_record
TN:
SF:src\multimodal\tts.ts
FN:8,<instance_members_initializer>
FN:12,HuggingFaceTTS
FN:21,generateAudio
FN:36,generateBuffer
FNF:4
FNH:4
FNDA:1,<instance_members_initializer>
FNDA:1,HuggingFaceTTS
FNDA:1,generateAudio
FNDA:1,generateBuffer
DA:1,1
DA:2,1
DA:3,1
DA:4,1
DA:5,1
DA:6,1
DA:7,1
DA:8,1
DA:9,1
DA:10,1
DA:11,1
DA:12,1
DA:13,1
DA:14,1
DA:15,1
DA:16,1
DA:17,1
DA:18,1
DA:19,1
DA:20,1
DA:21,1
DA:22,1
DA:23,1
DA:24,1
DA:25,1
DA:26,1
DA:27,1
DA:28,1
DA:29,0
DA:30,0
DA:31,1
DA:32,1
DA:33,1
DA:34,1
DA:35,1
DA:36,1
DA:37,1
DA:38,1
DA:39,1
DA:40,1
DA:41,1
LF:41
LH:39
BRDA:8,0,0,1
BRDA:12,1,0,1
BRDA:21,2,0,1
BRDA:28,3,0,0
BRDA:36,4,0,1
BRF:5
BRH:4
end_of_record
TN:
SF:src\prompts\index.ts
FNF:0
FNH:0
DA:1,1
LF:1
LH:1
BRF:0
BRH:0
end_of_record
TN:
SF:src\prompts\template.ts
FN:2,PromptVersionError
FN:9,<instance_members_initializer>
FN:18,PromptTemplate
FN:44,render
FN:68,<instance_members_initializer>
FN:72,register
FN:91,getTemplate
FN:111,setActiveVersion
FN:120,listVersions
FNF:9
FNH:9
FNDA:1,PromptVersionError
FNDA:5,<instance_members_initializer>
FNDA:5,PromptTemplate
FNDA:2,render
FNDA:1,<instance_members_initializer>
FNDA:2,register
FNDA:2,getTemplate
FNDA:1,setActiveVersion
FNDA:1,listVersions
DA:1,1
DA:2,1
DA:3,1
DA:4,1
DA:5,1
DA:6,1
DA:7,1
DA:8,1
DA:9,1
DA:10,5
DA:11,5
DA:12,5
DA:13,5
DA:14,5
DA:15,5
DA:16,5
DA:17,5
DA:18,5
DA:19,5
DA:20,5
DA:21,5
DA:22,5
DA:23,5
DA:24,5
DA:25,5
DA:26,5
DA:27,5
DA:28,5
DA:29,5
DA:30,5
DA:31,1
DA:32,1
DA:33,1
DA:34,1
DA:35,4
DA:36,4
DA:37,4
DA:38,5
DA:39,5
DA:40,5
DA:41,5
DA:42,5
DA:43,5
DA:44,5
DA:45,2
DA:46,2
DA:47,1
DA:48,1
DA:49,1
DA:50,1
DA:51,1
DA:52,1
DA:53,2
DA:54,2
DA:55,2
DA:56,0
DA:57,0
DA:58,0
DA:59,1
DA:60,2
DA:61,5
DA:62,1
DA:63,1
DA:64,1
DA:65,1
DA:66,1
DA:67,1
DA:68,1
DA:69,1
DA:70,1
DA:71,1
DA:72,1
DA:73,2
DA:74,1
DA:75,1
DA:76,2
DA:77,2
DA:78,2
DA:79,0
DA:80,0
DA:81,0
DA:82,0
DA:83,2
DA:84,2
DA:85,2
DA:86,2
DA:87,2
DA:88,2
DA:89,2
DA:90,1
DA:91,1
DA:92,2
DA:93,0
DA:94,0
DA:95,2
DA:96,2
DA:97,2
DA:98,0
DA:99,0
DA:100,2
DA:101,2
DA:102,2
DA:103,0
DA:104,0
DA:105,0
DA:106,0
DA:107,2
DA:108,2
DA:109,2
DA:110,1
DA:111,1
DA:112,1
DA:113,0
DA:114,0
DA:115,0
DA:116,0
DA:117,1
DA:118,1
DA:119,1
DA:120,1
DA:121,1
DA:122,1
DA:123,1
DA:124,1
LF:124
LH:105
BRDA:2,0,0,1
BRDA:9,1,0,5
BRDA:18,2,0,5
BRDA:27,3,0,3
BRDA:30,4,0,4
BRDA:30,5,0,1
BRDA:34,6,0,4
BRDA:30,7,0,12
BRDA:44,8,0,2
BRDA:46,9,0,1
BRDA:45,10,0,3
BRDA:52,11,0,2
BRDA:55,12,0,0
BRDA:68,13,0,1
BRDA:72,14,0,2
BRDA:73,15,0,1
BRDA:78,16,0,0
BRDA:91,17,0,2
BRDA:92,18,0,0
BRDA:97,19,0,0
BRDA:102,20,0,0
BRDA:111,21,0,1
BRDA:112,22,0,0
BRDA:120,23,0,1
BRDA:121,24,0,0
BRF:25
BRH:18
end_of_record
TN:
SF:src\rag\index.ts
FNF:0
FNH:0
DA:1,1
LF:1
LH:1
BRF:0
BRH:0
end_of_record
TN:
SF:src\rag\knowledge.ts
FN:22,cosineSimilarity
FN:37,<instance_members_initializer>
FN:41,add
FN:51,addBatch
FN:56,search
FN:70,saveToFile
FN:76,loadFromFile
FN:87,clear
FN:91,get size
FN:101,chunkText
FN:109,recursiveChunk
FN:153,<instance_members_initializer>
FN:162,KnowledgeBase
FN:172,ingestText
FN:186,ingestURL
FN:197,query
FN:206,save
FN:207,load
FN:209,embed
FN:214,embedBatch
FNF:20
FNH:11
FNDA:0,cosineSimilarity
FNDA:2,<instance_members_initializer>
FNDA:1,add
FNDA:0,addBatch
FNDA:0,search
FNDA:1,saveToFile
FNDA:1,loadFromFile
FNDA:0,clear
FNDA:1,get size
FNDA:1,chunkText
FNDA:5,recursiveChunk
FNDA:2,<instance_members_initializer>
FNDA:2,KnowledgeBase
FNDA:0,ingestText
FNDA:0,ingestURL
FNDA:0,query
FNDA:1,save
FNDA:1,load
FNDA:0,embed
FNDA:0,embedBatch
DA:1,1
DA:2,1
DA:3,1
DA:4,1
DA:5,1
DA:6,1
DA:7,1
DA:8,1
DA:9,1
DA:10,1
DA:11,1
DA:12,1
DA:13,1
DA:14,1
DA:15,1
DA:16,1
DA:17,1
DA:18,1
DA:19,1
DA:20,1
DA:21,1
DA:22,0
DA:23,0
DA:24,0
DA:25,0
DA:26,0
DA:27,0
DA:28,0
DA:29,0
DA:30,0
DA:31,0
DA:32,0
DA:33,1
DA:34,1
DA:35,1
DA:36,1
DA:37,1
DA:38,2
DA:39,2
DA:40,2
DA:41,2
DA:42,1
DA:43,0
DA:44,0
DA:45,1
DA:46,1
DA:47,1
DA:48,1
DA:49,2
DA:50,2
DA:51,2
DA:52,0
DA:53,0
DA:54,2
DA:55,2
DA:56,2
DA:57,0
DA:58,0
DA:59,0
DA:60,0
DA:61,0
DA:62,0
DA:63,0
DA:64,0
DA:65,0
DA:66,0
DA:67,0
DA:68,2
DA:69,2
DA:70,2
DA:71,1
DA:72,1
DA:73,1
DA:74,2
DA:75,2
DA:76,2
DA:77,1
DA:78,1
DA:79,1
DA:80,1
DA:81,0
DA:82,0
DA:83,0
DA:84,1
DA:85,2
DA:86,2
DA:87,2
DA:88,0
DA:89,0
DA:90,2
DA:91,2
DA:92,1
DA:93,1
DA:94,2
DA:95,1
DA:96,1
DA:97,1
DA:98,1
DA:99,1
DA:100,1
DA:101,1
DA:102,1
DA:103,1
DA:104,1
DA:105,1
DA:106,1
DA:107,1
DA:108,1
DA:109,5
DA:110,5
DA:111,5
DA:112,5
DA:113,0
DA:114,0
DA:115,0
DA:116,0
DA:117,0
DA:118,0
DA:119,5
DA:120,5
DA:121,5
DA:122,5
DA:123,5
DA:124,5
DA:125,18
DA:126,4
DA:127,4
DA:128,4
DA:129,4
DA:130,18
DA:131,14
DA:132,14
DA:133,2
DA:134,2
DA:135,14
DA:136,12
DA:137,12
DA:138,14
DA:139,18
DA:140,5
DA:141,5
DA:142,5
DA:143,1
DA:144,1
DA:145,1
DA:146,1
DA:147,1
DA:148,1
DA:149,1
DA:150,1
DA:151,1
DA:152,1
DA:153,1
DA:154,2
DA:155,2
DA:156,2
DA:157,2
DA:158,2
DA:159,2
DA:160,2
DA:161,2
DA:162,2
DA:163,2
DA:164,2
DA:165,2
DA:166,2
DA:167,2
DA:168,2
DA:169,2
DA:170,2
DA:171,2
DA:172,2
DA:173,0
DA:174,0
DA:175,0
DA:176,0
DA:177,0
DA:178,0
DA:179,0
DA:180,0
DA:181,0
DA:182,0
DA:183,0
DA:184,0
DA:185,2
DA:186,2
DA:187,0
DA:188,0
DA:189,0
DA:190,0
DA:191,0
DA:192,0
DA:193,0
DA:194,0
DA:195,0
DA:196,2
DA:197,2
DA:198,0
DA:199,0
DA:200,0
DA:201,0
DA:202,0
DA:203,0
DA:204,0
DA:205,2
DA:206,2
DA:207,2
DA:208,2
DA:209,2
DA:210,0
DA:211,0
DA:212,0
DA:213,2
DA:214,2
DA:215,0
DA:216,0
DA:217,0
DA:218,2
LF:218
LH:147
BRDA:37,0,0,2
BRDA:41,1,0,1
BRDA:42,2,0,0
BRDA:70,3,0,1
BRDA:76,4,0,1
BRDA:80,5,0,0
BRDA:91,6,0,1
BRDA:101,7,0,1
BRDA:102,8,0,0
BRDA:103,9,0,0
BRDA:104,10,0,0
BRDA:109,11,0,5
BRDA:110,12,0,0
BRDA:112,13,0,0
BRDA:124,14,0,18
BRDA:125,15,0,4
BRDA:126,16,0,0
BRDA:130,17,0,14
BRDA:131,18,0,12
BRDA:131,19,0,2
BRDA:132,20,0,2
BRDA:132,21,0,2
BRDA:135,22,0,12
BRDA:140,23,0,2
BRDA:153,24,0,2
BRDA:162,25,0,2
BRDA:163,26,0,0
BRDA:206,27,0,1
BRDA:207,28,0,1
BRF:29
BRH:20
end_of_record
TN:
SF:src\tools\base.ts
FN:16,createTool
FN:26,execute
FN:32,getMcpSchema
FNF:3
FNH:2
FNDA:5,createTool
FNDA:0,execute
FNDA:1,getMcpSchema
DA:1,1
DA:2,1
DA:3,1
DA:4,1
DA:5,1
DA:6,1
DA:7,1
DA:8,1
DA:9,1
DA:10,1
DA:11,1
DA:12,1
DA:13,1
DA:14,1
DA:15,1
DA:16,1
DA:17,5
DA:18,5
DA:19,5
DA:20,5
DA:21,5
DA:22,5
DA:23,5
DA:24,5
DA:25,5
DA:26,5
DA:27,0
DA:28,0
DA:29,0
DA:30,0
DA:31,0
DA:32,5
DA:33,1
DA:34,1
DA:35,1
DA:36,1
DA:37,1
DA:38,1
DA:39,1
DA:40,1
DA:41,1
DA:42,1
DA:43,1
DA:44,1
DA:45,1
DA:46,1
DA:47,5
DA:48,5
LF:48
LH:43
BRDA:16,0,0,5
BRDA:32,1,0,1
BRDA:36,2,0,0
BRF:3
BRH:2
end_of_record
TN:
SF:src\tools\builtin.ts
FN:11,execute
FN:26,execute
FN:37,execute
FNF:3
FNH:0
FNDA:0,execute
FNDA:0,execute
FNDA:0,execute
DA:1,1
DA:2,1
DA:3,1
DA:4,1
DA:5,1
DA:6,1
DA:7,1
DA:8,1
DA:9,1
DA:10,1
DA:11,1
DA:12,0
DA:13,0
DA:14,0
DA:15,0
DA:16,0
DA:17,0
DA:18,0
DA:19,0
DA:20,1
DA:21,1
DA:22,1
DA:23,1
DA:24,1
DA:25,1
DA:26,1
DA:27,0
DA:28,0
DA:29,1
DA:30,1
DA:31,1
DA:32,1
DA:33,1
DA:34,1
DA:35,1
DA:36,1
DA:37,1
DA:38,0
DA:39,0
DA:40,0
DA:41,1
LF:41
LH:28
BRF:0
BRH:0
end_of_record
TN:
SF:src\tools\index.ts
FNF:0
FNH:0
DA:1,1
DA:2,1
LF:2
LH:2
BRF:0
BRH:0
end_of_record
TN:
SF:src\voice\client.ts
FN:13,<instance_members_initializer>
FNF:1
FNH:0
FNDA:0,<instance_members_initializer>
DA:1,1
DA:2,1
DA:3,1
DA:4,1
DA:5,1
DA:6,1
DA:7,1
DA:8,1
DA:9,1
DA:10,1
DA:11,1
DA:12,1
DA:13,1
DA:14,0
DA:15,0
DA:16,0
DA:17,0
DA:18,0
DA:19,0
DA:20,0
DA:21,0
DA:22,0
DA:23,0
DA:24,0
DA:25,0
DA:26,0
DA:27,0
DA:28,0
DA:29,0
DA:30,0
DA:31,0
DA:32,0
DA:33,0
DA:34,0
DA:35,0
DA:36,0
DA:37,0
DA:38,0
DA:39,0
DA:40,0
DA:41,0
DA:42,0
DA:43,0
DA:44,0
DA:45,0
DA:46,0
DA:47,0
DA:48,0
DA:49,0
DA:50,0
DA:51,0
DA:52,0
DA:53,0
DA:54,0
DA:55,0
DA:56,0
DA:57,0
DA:58,0
DA:59,0
DA:60,0
DA:61,0
DA:62,0
DA:63,0
DA:64,0
DA:65,0
DA:66,0
DA:67,0
DA:68,0
DA:69,0
DA:70,0
DA:71,0
DA:72,0
DA:73,0
DA:74,0
DA:75,0
DA:76,0
DA:77,0
DA:78,0
DA:79,0
DA:80,0
DA:81,0
DA:82,0
DA:83,0
DA:84,0
DA:85,0
DA:86,0
DA:87,0
DA:88,0
DA:89,0
DA:90,0
DA:91,0
DA:92,0
DA:93,0
DA:94,0
DA:95,0
DA:96,0
DA:97,0
DA:98,0
DA:99,0
DA:100,0
DA:101,0
DA:102,0
LF:102
LH:13
BRDA:13,0,0,0
BRF:1
BRH:0
end_of_record
TN:
SF:src\voice\index.ts
FNF:0
FNH:0
DA:1,1
DA:2,1
DA:3,1
DA:4,1
DA:5,1
DA:6,1
LF:6
LH:6
BRF:0
BRH:0
end_of_record
TN:
SF:src\voice\openai-stt.ts
FN:5,<instance_members_initializer>
FNF:1
FNH:0
FNDA:0,<instance_members_initializer>
DA:1,1
DA:2,1
DA:3,1
DA:4,1
DA:5,1
DA:6,0
DA:7,0
DA:8,0
DA:9,0
DA:10,0
DA:11,0
DA:12,0
DA:13,0
DA:14,0
DA:15,0
DA:16,0
DA:17,0
DA:18,0
DA:19,0
DA:20,0
DA:21,0
DA:22,0
DA:23,0
DA:24,0
DA:25,0
DA:26,0
DA:27,0
DA:28,0
DA:29,0
DA:30,0
DA:31,0
DA:32,0
DA:33,0
DA:34,0
DA:35,0
DA:36,0
DA:37,0
DA:38,0
DA:39,0
DA:40,0
DA:41,0
DA:42,0
DA:43,0
DA:44,0
DA:45,0
DA:46,0
DA:47,0
DA:48,0
DA:49,0
DA:50,0
DA:51,0
DA:52,0
DA:53,0
DA:54,0
DA:55,0
DA:56,0
DA:57,0
LF:57
LH:5
BRDA:5,0,0,0
BRF:1
BRH:0
end_of_record
TN:
SF:src\voice\openai-tts.ts
FN:4,<instance_members_initializer>
FNF:1
FNH:0
FNDA:0,<instance_members_initializer>
DA:1,1
DA:2,1
DA:3,1
DA:4,1
DA:5,0
DA:6,0
DA:7,0
DA:8,0
DA:9,0
DA:10,0
DA:11,0
DA:12,0
DA:13,0
DA:14,0
DA:15,0
DA:16,0
DA:17,0
DA:18,0
DA:19,0
DA:20,0
DA:21,0
DA:22,0
DA:23,0
DA:24,0
DA:25,0
DA:26,0
DA:27,0
DA:28,0
DA:29,0
DA:30,0
DA:31,0
DA:32,0
DA:33,0
DA:34,0
DA:35,0
DA:36,0
DA:37,0
DA:38,0
DA:39,0
DA:40,0
DA:41,0
DA:42,0
LF:42
LH:4
BRDA:4,0,0,0
BRF:1
BRH:0
end_of_record
TN:
SF:src\voice\speaker.ts
FN:33,<instance_members_initializer>
FN:37,VoiceprintStore
FN:41,enroll
FN:55,identify
FN:84,verify
FN:97,getProfile
FN:101,listSpeakers
FN:105,removeSpeaker
FN:109,cosineSimilarity
FNF:9
FNH:8
FNDA:4,<instance_members_initializer>
FNDA:4,VoiceprintStore
FNDA:6,enroll
FNDA:2,identify
FNDA:2,verify
FNDA:0,getProfile
FNDA:2,listSpeakers
FNDA:1,removeSpeaker
FNDA:5,cosineSimilarity
DA:1,1
DA:2,1
DA:3,1
DA:4,1
DA:5,1
DA:6,1
DA:7,1
DA:8,1
DA:9,1
DA:10,1
DA:11,1
DA:12,1
DA:13,1
DA:14,1
DA:15,1
DA:16,1
DA:17,1
DA:18,1
DA:19,1
DA:20,1
DA:21,1
DA:22,1
DA:23,1
DA:24,1
DA:25,1
DA:26,1
DA:27,1
DA:28,1
DA:29,1
DA:30,1
DA:31,1
DA:32,1
DA:33,1
DA:34,4
DA:35,4
DA:36,4
DA:37,4
DA:38,4
DA:39,4
DA:40,4
DA:41,4
DA:42,6
DA:43,6
DA:44,6
DA:45,6
DA:46,6
DA:47,6
DA:48,6
DA:49,6
DA:50,6
DA:51,6
DA:52,6
DA:53,6
DA:54,4
DA:55,4
DA:56,2
DA:57,2
DA:58,2
DA:59,2
DA:60,3
DA:61,3
DA:62,2
DA:63,2
DA:64,2
DA:65,3
DA:66,2
DA:67,2
DA:68,1
DA:69,1
DA:70,1
DA:71,1
DA:72,1
DA:73,1
DA:74,1
DA:75,1
DA:76,1
DA:77,1
DA:78,1
DA:79,1
DA:80,1
DA:81,1
DA:82,2
DA:83,4
DA:84,4
DA:85,2
DA:86,2
DA:87,0
DA:88,0
DA:89,2
DA:90,2
DA:91,2
DA:92,2
DA:93,2
DA:94,2
DA:95,2
DA:96,4
DA:97,4
DA:98,0
DA:99,0
DA:100,4
DA:101,4
DA:102,2
DA:103,2
DA:104,4
DA:105,4
DA:106,1
DA:107,1
DA:108,4
DA:109,4
DA:110,5
DA:111,5
DA:112,5
DA:113,5
DA:114,5
DA:115,5
DA:116,5
DA:117,20
DA:118,20
DA:119,20
DA:120,20
DA:121,5
DA:122,5
DA:123,5
DA:124,5
DA:125,5
DA:126,5
DA:127,4
LF:127
LH:123
BRDA:33,0,0,4
BRDA:37,1,0,4
BRDA:41,2,0,6
BRDA:42,3,0,0
BRDA:43,4,0,0
BRDA:55,5,0,2
BRDA:59,6,0,3
BRDA:61,7,0,2
BRDA:67,8,0,1
BRDA:84,9,0,2
BRDA:86,10,0,0
BRDA:101,11,0,2
BRDA:105,12,0,1
BRDA:109,13,0,5
BRDA:110,14,0,0
BRDA:116,15,0,20
BRDA:123,16,0,0
BRF:17
BRH:12
end_of_record
TN:
SF:src\voice\stt.ts
FNF:0
FNH:0
DA:1,1
DA:2,1
DA:3,1
DA:4,1
DA:5,1
DA:6,1
DA:7,1
DA:8,1
DA:9,1
DA:10,1
DA:11,1
DA:12,1
DA:13,1
DA:14,1
DA:15,1
DA:16,1
DA:17,1
DA:18,1
DA:19,1
DA:20,1
DA:21,1
DA:22,1
DA:23,1
DA:24,1
DA:25,1
DA:26,1
DA:27,1
DA:28,1
DA:29,1
LF:29
LH:29
BRF:0
BRH:0
end_of_record
TN:
SF:src\voice\tts.ts
FNF:0
FNH:0
DA:1,1
DA:2,1
DA:3,1
DA:4,1
DA:5,1
DA:6,1
DA:7,1
DA:8,1
DA:9,1
DA:10,1
DA:11,1
DA:12,1
DA:13,1
DA:14,1
DA:15,1
DA:16,1
DA:17,1
DA:18,1
DA:19,1
DA:20,1
DA:21,1
DA:22,1
DA:23,1
DA:24,1
LF:24
LH:24
BRF:0
BRH:0
end_of_record
TN:
SF:src\widget\bot.ts
FN:45,<instance_members_initializer>
FN:61,CustomerSupportBot
FN:105,execute
FN:144,use
FN:149,trackOutcome
FN:154,chat
FN:236,chatWithVoice
FN:252,initSession
FNF:8
FNH:6
FNDA:7,<instance_members_initializer>
FNDA:7,CustomerSupportBot
FNDA:0,execute
FNDA:1,use
FNDA:2,trackOutcome
FNDA:5,chat
FNDA:1,chatWithVoice
FNDA:0,initSession
DA:1,1
DA:2,1
DA:3,1
DA:4,1
DA:5,1
DA:6,1
DA:7,1
DA:8,1
DA:9,1
DA:10,1
DA:11,1
DA:12,1
DA:13,1
DA:14,1
DA:15,1
DA:16,1
DA:17,1
DA:18,1
DA:19,1
DA:20,1
DA:21,1
DA:22,1
DA:23,1
DA:24,1
DA:25,1
DA:26,1
DA:27,1
DA:28,1
DA:29,1
DA:30,1
DA:31,1
DA:32,1
DA:33,1
DA:34,1
DA:35,1
DA:36,1
DA:37,1
DA:38,1
DA:39,1
DA:40,1
DA:41,1
DA:42,1
DA:43,1
DA:44,1
DA:45,1
DA:46,7
DA:47,7
DA:48,7
DA:49,7
DA:50,7
DA:51,7
DA:52,7
DA:53,7
DA:54,7
DA:55,7
DA:56,7
DA:57,7
DA:58,7
DA:59,7
DA:60,7
DA:61,7
DA:62,7
DA:63,7
DA:64,7
DA:65,7
DA:66,7
DA:67,0
DA:68,0
DA:69,7
DA:70,7
DA:71,0
DA:72,0
DA:73,7
DA:74,7
DA:75,1
DA:76,1
DA:77,7
DA:78,7
DA:79,0
DA:80,0
DA:81,7
DA:82,7
DA:83,1
DA:84,1
DA:85,7
DA:86,7
DA:87,7
DA:88,7
DA:89,1
DA:90,1
DA:91,1
DA:92,7
DA:93,7
DA:94,7
DA:95,0
DA:96,0
DA:97,0
DA:98,0
DA:99,0
DA:100,0
DA:101,0
DA:102,0
DA:103,0
DA:104,0
DA:105,0
DA:106,0
DA:107,0
DA:108,0
DA:109,0
DA:110,0
DA:111,0
DA:112,0
DA:113,0
DA:114,0
DA:115,7
DA:116,7
DA:117,7
DA:118,7
DA:119,7
DA:120,7
DA:121,7
DA:122,7
DA:123,7
DA:124,7
DA:125,7
DA:126,7
DA:127,7
DA:128,7
DA:129,7
DA:130,7
DA:131,7
DA:132,7
DA:133,7
DA:134,7
DA:135,7
DA:136,7
DA:137,7
DA:138,7
DA:139,7
DA:140,7
DA:141,7
DA:142,7
DA:143,7
DA:144,7
DA:145,1
DA:146,1
DA:147,7
DA:148,7
DA:149,7
DA:150,2
DA:151,2
DA:152,7
DA:153,7
DA:154,7
DA:155,5
DA:156,5
DA:157,5
DA:158,5
DA:159,0
DA:160,0
DA:161,0
DA:162,0
DA:163,0
DA:164,0
DA:165,0
DA:166,0
DA:167,0
DA:168,0
DA:169,0
DA:170,0
DA:171,0
DA:172,0
DA:173,5
DA:174,5
DA:175,5
DA:176,5
DA:177,5
DA:178,5
DA:179,5
DA:180,1
DA:181,1
DA:182,1
DA:183,4
DA:184,4
DA:185,4
DA:186,0
DA:187,0
DA:188,0
DA:189,0
DA:190,0
DA:191,0
DA:192,0
DA:193,0
DA:194,0
DA:195,0
DA:196,0
DA:197,0
DA:198,0
DA:199,0
DA:200,0
DA:201,0
DA:202,0
DA:203,0
DA:204,4
DA:205,4
DA:206,4
DA:207,4
DA:208,0
DA:209,0
DA:210,0
DA:211,0
DA:212,0
DA:213,4
DA:214,4
DA:215,4
DA:216,4
DA:217,4
DA:218,4
DA:219,4
DA:220,4
DA:221,4
DA:222,4
DA:223,4
DA:224,4
DA:225,4
DA:226,0
DA:227,0
DA:228,0
DA:229,0
DA:230,0
DA:231,5
DA:232,7
DA:233,7
DA:234,7
DA:235,7
DA:236,7
DA:237,1
DA:238,1
DA:239,1
DA:240,1
DA:241,1
DA:242,1
DA:243,1
DA:244,1
DA:245,1
DA:246,1
DA:247,1
DA:248,1
DA:249,1
DA:250,7
DA:251,7
DA:252,7
DA:253,0
DA:254,0
DA:255,7
LF:255
LH:185
BRDA:45,0,0,7
BRDA:61,1,0,7
BRDA:64,2,0,5
BRDA:66,3,0,0
BRDA:70,4,0,0
BRDA:74,5,0,1
BRDA:78,6,0,0
BRDA:78,7,0,0
BRDA:82,8,0,1
BRDA:88,9,0,1
BRDA:94,10,0,0
BRDA:116,11,0,0
BRDA:119,12,0,0
BRDA:144,13,0,1
BRDA:149,14,0,2
BRDA:154,15,0,5
BRDA:155,16,0,1
BRDA:155,17,0,4
BRDA:158,18,0,0
BRDA:179,19,0,1
BRDA:182,20,0,4
BRDA:185,21,0,0
BRDA:207,22,0,0
BRDA:225,23,0,0
BRDA:236,24,0,1
BRF:25
BRH:14
end_of_record
TN:
SF:src\widget\connector.ts
FN:21,<instance_members_initializer>
FNF:1
FNH:0
FNDA:0,<instance_members_initializer>
DA:1,1
DA:2,1
DA:3,1
DA:4,1
DA:5,1
DA:6,1
DA:7,1
DA:8,1
DA:9,1
DA:10,1
DA:11,1
DA:12,1
DA:13,1
DA:14,1
DA:15,1
DA:16,1
DA:17,1
DA:18,1
DA:19,1
DA:20,1
DA:21,1
DA:22,0
DA:23,0
DA:24,0
DA:25,0
DA:26,0
DA:27,0
DA:28,0
DA:29,0
DA:30,0
DA:31,0
DA:32,0
DA:33,0
DA:34,0
DA:35,0
DA:36,0
DA:37,0
DA:38,0
DA:39,0
DA:40,0
DA:41,0
DA:42,0
DA:43,0
DA:44,0
DA:45,0
DA:46,0
DA:47,0
DA:48,0
DA:49,0
DA:50,0
DA:51,0
DA:52,0
DA:53,0
DA:54,0
DA:55,0
DA:56,0
DA:57,0
DA:58,0
DA:59,0
DA:60,0
DA:61,0
DA:62,0
DA:63,0
DA:64,0
DA:65,0
DA:66,0
DA:67,0
DA:68,0
DA:69,0
LF:69
LH:21
BRF:0
BRH:0
end_of_record
TN:
SF:src\widget\embed.ts
FN:29,generate
FNF:1
FNH:0
FNDA:0,generate
DA:1,1
DA:2,1
DA:3,1
DA:4,1
DA:5,1
DA:6,1
DA:7,1
DA:8,1
DA:9,1
DA:10,1
DA:11,1
DA:12,1
DA:13,1
DA:14,1
DA:15,1
DA:16,1
DA:17,1
DA:18,1
DA:19,1
DA:20,1
DA:21,1
DA:22,1
DA:23,1
DA:24,1
DA:25,1
DA:26,1
DA:27,1
DA:28,1
DA:29,1
DA:30,0
DA:31,0
DA:32,0
DA:33,0
DA:34,0
DA:35,0
DA:36,0
DA:37,0
DA:38,0
DA:39,0
DA:40,0
DA:41,0
DA:42,0
DA:43,0
DA:44,0
DA:45,0
DA:46,0
DA:47,0
DA:48,0
DA:49,0
DA:50,0
DA:51,0
DA:52,0
DA:53,0
DA:54,0
DA:55,0
DA:56,0
DA:57,0
DA:58,0
DA:59,0
DA:60,0
DA:61,0
DA:62,0
DA:63,0
DA:64,0
DA:65,0
DA:66,0
DA:67,0
DA:68,0
DA:69,0
DA:70,0
DA:71,0
DA:72,0
DA:73,0
DA:74,0
DA:75,0
DA:76,0
DA:77,0
DA:78,0
DA:79,0
DA:80,0
DA:81,0
DA:82,0
DA:83,0
DA:84,0
DA:85,0
DA:86,0
DA:87,0
DA:88,0
DA:89,0
DA:90,0
DA:91,0
DA:92,0
DA:93,0
DA:94,0
DA:95,0
DA:96,0
DA:97,0
DA:98,0
DA:99,0
DA:100,0
DA:101,0
DA:102,0
DA:103,0
DA:104,0
DA:105,0
DA:106,0
DA:107,0
DA:108,0
DA:109,0
DA:110,0
DA:111,0
DA:112,0
DA:113,0
DA:114,0
DA:115,0
DA:116,0
DA:117,0
DA:118,0
DA:119,0
DA:120,0
DA:121,0
DA:122,0
DA:123,0
DA:124,0
DA:125,0
DA:126,0
DA:127,0
DA:128,0
DA:129,0
DA:130,0
DA:131,0
DA:132,0
DA:133,0
DA:134,0
DA:135,0
DA:136,0
DA:137,0
DA:138,0
DA:139,0
DA:140,0
DA:141,0
DA:142,0
DA:143,0
DA:144,0
DA:145,0
DA:146,0
DA:147,0
DA:148,0
DA:149,0
DA:150,0
DA:151,0
DA:152,0
DA:153,0
DA:154,0
DA:155,0
DA:156,0
DA:157,0
DA:158,1
LF:158
LH:30
BRF:0
BRH:0
end_of_record
TN:
SF:src\widget\index.ts
FNF:0
FNH:0
DA:1,1
DA:2,1
DA:3,1
DA:4,1
LF:4
LH:4
BRF:0
BRH:0
end_of_record
TN:
SF:src\widget\server.ts
FN:12,createChatHandler
FN:60,startChatServer
FNF:2
FNH:0
FNDA:0,createChatHandler
FNDA:0,startChatServer
DA:1,1
DA:2,1
DA:3,1
DA:4,1
DA:5,1
DA:6,1
DA:7,1
DA:8,1
DA:9,1
DA:10,1
DA:11,1
DA:12,1
DA:13,0
DA:14,0
DA:15,0
DA:16,0
DA:17,0
DA:18,0
DA:19,0
DA:20,0
DA:21,0
DA:22,0
DA:23,0
DA:24,0
DA:25,0
DA:26,0
DA:27,0
DA:28,0
DA:29,0
DA:30,0
DA:31,0
DA:32,0
DA:33,0
DA:34,0
DA:35,0
DA:36,0
DA:37,0
DA:38,0
DA:39,0
DA:40,0
DA:41,0
DA:42,0
DA:43,0
DA:44,0
DA:45,0
DA:46,0
DA:47,0
DA:48,0
DA:49,0
DA:50,0
DA:51,0
DA:52,0
DA:53,0
DA:54,0
DA:55,1
DA:56,1
DA:57,1
DA:58,1
DA:59,1
DA:60,0
DA:61,0
DA:62,0
DA:63,0
DA:64,0
DA:65,0
DA:66,0
DA:67,0
DA:68,0
DA:69,0
DA:70,0
DA:71,0
DA:72,0
DA:73,0
DA:74,0
DA:75,0
DA:76,0
DA:77,0
DA:78,0
DA:79,0
DA:80,0
DA:81,0
DA:82,0
DA:83,0
DA:84,0
DA:85,0
DA:86,0
DA:87,0
DA:88,0
DA:89,0
DA:90,0
DA:91,0
DA:92,0
DA:93,0
LF:93
LH:17
BRF:0
BRH:0
end_of_record
